python3 run_experiment.py --config ./configs/experiment_N20_4s.yaml 
time="2025-11-13T18:56:39Z" level=warning msg="/home/michaelrudolph/Projects/spirit-istreamplayer-fork/docker-compose.player.yaml: the attribute `version` is obsolete, it will be ignored, please remove it to avoid potential confusion"
#1 [internal] load local bake definitions
#1 reading from stdin 1.12kB done
#1 DONE 0.0s

#2 [istream_player internal] load build definition from Player.Dockerfile
#2 transferring dockerfile: 527B done
#2 DONE 0.0s

#3 [switch internal] load build definition from Switch.Dockerfile
#3 transferring dockerfile: 261B done
#3 DONE 0.1s

#4 [switch internal] load metadata for docker.io/library/ubuntu:22.04
#4 ...

#5 [istream_player internal] load metadata for docker.io/library/python:3.10
#5 DONE 1.1s

#4 [switch internal] load metadata for docker.io/library/ubuntu:22.04
#4 DONE 1.1s

#6 [istream_player internal] load .dockerignore
#6 transferring context: 48B done
#6 DONE 0.0s

#7 [switch 1/4] FROM docker.io/library/ubuntu:22.04@sha256:09506232a8004baa32c47d68f1e5c307d648fdd59f5e7eaa42aaf87914100db3
#7 DONE 0.0s

#8 [istream_player internal] load build context
#8 DONE 0.0s

#9 [switch internal] load build context
#9 transferring context: 31B done
#9 DONE 0.0s

#10 [switch 2/4] RUN apt-get update &&     apt-get install -y iproute2 iptables bash &&     rm -rf /var/lib/apt/lists/*
#10 CACHED

#11 [switch 3/4] COPY switch.sh /app/switch.sh
#11 CACHED

#12 [switch 4/4] RUN chmod +x /app/switch.sh
#12 CACHED

#13 [istream_player  1/11] FROM docker.io/library/python:3.10@sha256:e944d95e7277b5888479cc4bcd6cec63e3128fec9ec4c6ef099be470d89b54d4
#13 resolve docker.io/library/python:3.10@sha256:e944d95e7277b5888479cc4bcd6cec63e3128fec9ec4c6ef099be470d89b54d4 0.1s done
#13 DONE 0.1s

#8 [istream_player internal] load build context
#8 transferring context: 9.28kB 0.0s done
#8 DONE 0.0s

#14 [istream_player  8/11] COPY setup.py .
#14 CACHED

#15 [istream_player  3/11] RUN apt-get update &&     apt-get -y install         curl         gnupg2         knot-dnsutils         kmod         net-tools         iproute2 &&     rm -rf /var/lib/apt/lists/*
#15 CACHED

#16 [istream_player  5/11] RUN pip install -r requirements.txt
#16 CACHED

#17 [istream_player 10/11] COPY start_player.sh start_player.sh
#17 CACHED

#18 [istream_player  6/11] COPY istream_player istream_player
#18 CACHED

#19 [istream_player  7/11] COPY scripts scripts
#19 CACHED

#20 [istream_player  9/11] COPY wrapper.py wrapper.py
#20 CACHED

#21 [istream_player  2/11] WORKDIR /src
#21 CACHED

#22 [istream_player  4/11] COPY requirements.txt /src
#22 CACHED

#23 [istream_player 11/11] RUN pip install .
#23 CACHED

#24 [istream_player] exporting to image
#24 exporting layers done
#24 writing image sha256:9f2f3b9477ac059bcaa7c29cb082d449e4f09e0383c80349a571effb80163882 0.0s done
#24 naming to docker.io/library/istream_player_0-istream_player
#24 naming to docker.io/library/istream_player_0-istream_player 0.0s done
#24 DONE 0.1s

#25 [switch] exporting to image
#25 exporting layers done
#25 writing image sha256:9bc886f94a0b4e647d4e85b0dc0349542a7b80d076e376debaaac0f3ce6c944d 0.1s done
#25 naming to docker.io/library/istream_player_0-switch 0.0s done
#25 DONE 0.1s

#26 [switch] resolving provenance for metadata file
#26 DONE 0.0s

#27 [istream_player] resolving provenance for metadata file
#27 DONE 0.0s
 istream_player_0-switch  Built
 istream_player_0-istream_player  Built
 Container switch_0  Starting
 Container switch_0  Started
 Container istream_player_0  Starting
 Container istream_player_0  Started
time="2025-11-13T18:56:42Z" level=warning msg="/home/michaelrudolph/Projects/spirit-istreamplayer-fork/docker-compose.player.yaml: the attribute `version` is obsolete, it will be ignored, please remove it to avoid potential confusion"
#1 [internal] load local bake definitions
#1 reading from stdin 1.12kB done
#1 DONE 0.0s

#2 [switch internal] load build definition from Switch.Dockerfile
#2 transferring dockerfile: 261B done
#2 DONE 0.0s

#3 [istream_player internal] load build definition from Player.Dockerfile
#3 transferring dockerfile: 527B done
#3 DONE 0.0s

#4 [istream_player internal] load metadata for docker.io/library/python:3.10
#4 DONE 0.2s

#5 [switch internal] load metadata for docker.io/library/ubuntu:22.04
#5 DONE 0.3s

#6 [switch internal] load .dockerignore
#6 transferring context: 48B done
#6 DONE 0.0s

#7 [istream_player internal] load build context
#7 DONE 0.0s

#8 [switch 1/4] FROM docker.io/library/ubuntu:22.04@sha256:09506232a8004baa32c47d68f1e5c307d648fdd59f5e7eaa42aaf87914100db3
#8 DONE 0.0s

#9 [switch internal] load build context
#9 transferring context: 31B done
#9 DONE 0.0s

#10 [istream_player  1/11] FROM docker.io/library/python:3.10@sha256:e944d95e7277b5888479cc4bcd6cec63e3128fec9ec4c6ef099be470d89b54d4
#10 resolve docker.io/library/python:3.10@sha256:e944d95e7277b5888479cc4bcd6cec63e3128fec9ec4c6ef099be470d89b54d4
#10 resolve docker.io/library/python:3.10@sha256:e944d95e7277b5888479cc4bcd6cec63e3128fec9ec4c6ef099be470d89b54d4 0.1s done
#10 DONE 0.1s

#11 [switch 2/4] RUN apt-get update &&     apt-get install -y iproute2 iptables bash &&     rm -rf /var/lib/apt/lists/*
#11 CACHED

#12 [switch 3/4] COPY switch.sh /app/switch.sh
#12 CACHED

#13 [switch 4/4] RUN chmod +x /app/switch.sh
#13 CACHED

#7 [istream_player internal] load build context
#7 transferring context: 9.28kB 0.0s done
#7 DONE 0.1s

#14 [switch] exporting to image
#14 exporting layers done
#14 writing image sha256:6c9b80eb42809f3944d4f1c9621f4f0acfc7c22614d9c55444f28157aea8dca0 done
#14 naming to docker.io/library/istream_player_1-switch done
#14 DONE 0.0s

#15 [istream_player  4/11] COPY requirements.txt /src
#15 CACHED

#16 [istream_player  2/11] WORKDIR /src
#16 CACHED

#17 [istream_player  6/11] COPY istream_player istream_player
#17 CACHED

#18 [istream_player  9/11] COPY wrapper.py wrapper.py
#18 CACHED

#19 [istream_player  5/11] RUN pip install -r requirements.txt
#19 CACHED

#20 [istream_player  7/11] COPY scripts scripts
#20 CACHED

#21 [istream_player  8/11] COPY setup.py .
#21 CACHED

#22 [istream_player 10/11] COPY start_player.sh start_player.sh
#22 CACHED

#23 [istream_player  3/11] RUN apt-get update &&     apt-get -y install         curl         gnupg2         knot-dnsutils         kmod         net-tools         iproute2 &&     rm -rf /var/lib/apt/lists/*
#23 CACHED

#24 [istream_player 11/11] RUN pip install .
#24 CACHED

#25 [istream_player] exporting to image
#25 exporting layers done
#25 writing image sha256:f30ee9cc4956405c742eb07d8c08401b707e91ea3ed4ce468eb19d63fd16b4eb done
#25 naming to docker.io/library/istream_player_1-istream_player done
#25 DONE 0.0s

#26 [switch] resolving provenance for metadata file
#26 DONE 0.0s

#27 [istream_player] resolving provenance for metadata file
#27 DONE 0.0s
 istream_player_1-switch  Built
 istream_player_1-istream_player  Built
 Container switch_1  Starting
 Container switch_1  Started
 Container istream_player_1  Starting
 Container istream_player_1  Started
time="2025-11-13T18:56:44Z" level=warning msg="/home/michaelrudolph/Projects/spirit-istreamplayer-fork/docker-compose.player.yaml: the attribute `version` is obsolete, it will be ignored, please remove it to avoid potential confusion"
#1 [internal] load local bake definitions
#1 reading from stdin 1.12kB done
#1 DONE 0.0s

#2 [istream_player internal] load build definition from Player.Dockerfile
#2 transferring dockerfile: 527B done
#2 DONE 0.0s

#3 [switch internal] load build definition from Switch.Dockerfile
#3 transferring dockerfile: 261B done
#3 DONE 0.1s

#4 [switch internal] load metadata for docker.io/library/ubuntu:22.04
#4 ...

#5 [istream_player internal] load metadata for docker.io/library/python:3.10
#5 DONE 0.3s

#6 [istream_player internal] load .dockerignore
#6 transferring context: 48B done
#6 DONE 0.0s

#7 [istream_player internal] load build context
#7 DONE 0.0s

#4 [switch internal] load metadata for docker.io/library/ubuntu:22.04
#4 DONE 0.4s

#8 [istream_player  1/11] FROM docker.io/library/python:3.10@sha256:e944d95e7277b5888479cc4bcd6cec63e3128fec9ec4c6ef099be470d89b54d4
#8 resolve docker.io/library/python:3.10@sha256:e944d95e7277b5888479cc4bcd6cec63e3128fec9ec4c6ef099be470d89b54d4
#8 resolve docker.io/library/python:3.10@sha256:e944d95e7277b5888479cc4bcd6cec63e3128fec9ec4c6ef099be470d89b54d4 0.2s done
#8 DONE 0.2s

#6 [switch internal] load .dockerignore
#6 transferring context: 48B done
#6 DONE 0.0s

#9 [switch 1/4] FROM docker.io/library/ubuntu:22.04@sha256:09506232a8004baa32c47d68f1e5c307d648fdd59f5e7eaa42aaf87914100db3
#9 DONE 0.0s

#10 [switch internal] load build context
#10 transferring context: 31B done
#10 DONE 0.0s

#11 [switch 2/4] RUN apt-get update &&     apt-get install -y iproute2 iptables bash &&     rm -rf /var/lib/apt/lists/*
#11 CACHED

#12 [switch 3/4] COPY switch.sh /app/switch.sh
#12 CACHED

#13 [switch 4/4] RUN chmod +x /app/switch.sh
#13 CACHED

#14 [switch] exporting to image
#14 exporting layers done
#14 writing image sha256:48e11d23c80adca651c8d4800d0ce59477ac6efc9da64e3a7818cee1042876be 0.0s done
#14 naming to docker.io/library/istream_player_2-switch done
#14 DONE 0.0s

#7 [istream_player internal] load build context
#7 transferring context: 9.28kB 0.0s done
#7 DONE 0.1s

#15 [istream_player  8/11] COPY setup.py .
#15 CACHED

#16 [istream_player  2/11] WORKDIR /src
#16 CACHED

#17 [istream_player  3/11] RUN apt-get update &&     apt-get -y install         curl         gnupg2         knot-dnsutils         kmod         net-tools         iproute2 &&     rm -rf /var/lib/apt/lists/*
#17 CACHED

#18 [istream_player  7/11] COPY scripts scripts
#18 CACHED

#19 [istream_player  9/11] COPY wrapper.py wrapper.py
#19 CACHED

#20 [istream_player  5/11] RUN pip install -r requirements.txt
#20 CACHED

#21 [istream_player  4/11] COPY requirements.txt /src
#21 CACHED

#22 [istream_player 10/11] COPY start_player.sh start_player.sh
#22 CACHED

#23 [istream_player  6/11] COPY istream_player istream_player
#23 CACHED

#24 [istream_player 11/11] RUN pip install .
#24 CACHED

#25 [istream_player] exporting to image
#25 exporting layers done
#25 writing image sha256:2ff4f63a0082449ce016618d8e690e661a638d7d78cf2ca09e209db8131cdf64 0.0s done
#25 naming to docker.io/library/istream_player_2-istream_player 0.0s done
#25 DONE 0.0s

#26 [switch] resolving provenance for metadata file
#26 DONE 0.0s

#27 [istream_player] resolving provenance for metadata file
#27 DONE 0.0s
 istream_player_2-switch  Built
 istream_player_2-istream_player  Built
 Container switch_2  Starting
 Container switch_2  Started
 Container istream_player_2  Starting
 Container istream_player_2  Started
time="2025-11-13T18:56:46Z" level=warning msg="/home/michaelrudolph/Projects/spirit-istreamplayer-fork/docker-compose.player.yaml: the attribute `version` is obsolete, it will be ignored, please remove it to avoid potential confusion"
#1 [internal] load local bake definitions
#1 reading from stdin 1.12kB done
#1 DONE 0.0s

#2 [switch internal] load build definition from Switch.Dockerfile
#2 transferring dockerfile: 261B done
#2 DONE 0.0s

#3 [istream_player internal] load build definition from Player.Dockerfile
#3 transferring dockerfile: 527B done
#3 DONE 0.1s

#4 [istream_player internal] load metadata for docker.io/library/python:3.10
#4 DONE 0.2s

#5 [switch internal] load metadata for docker.io/library/ubuntu:22.04
#5 DONE 0.4s

#6 [istream_player internal] load .dockerignore
#6 transferring context: 48B done
#6 DONE 0.0s

#7 [istream_player internal] load build context
#7 DONE 0.0s

#8 [istream_player  1/11] FROM docker.io/library/python:3.10@sha256:e944d95e7277b5888479cc4bcd6cec63e3128fec9ec4c6ef099be470d89b54d4
#8 resolve docker.io/library/python:3.10@sha256:e944d95e7277b5888479cc4bcd6cec63e3128fec9ec4c6ef099be470d89b54d4
#8 resolve docker.io/library/python:3.10@sha256:e944d95e7277b5888479cc4bcd6cec63e3128fec9ec4c6ef099be470d89b54d4 0.1s done
#8 DONE 0.1s

#6 [switch internal] load .dockerignore
#6 transferring context: 48B done
#6 DONE 0.0s

#9 [switch 1/4] FROM docker.io/library/ubuntu:22.04@sha256:09506232a8004baa32c47d68f1e5c307d648fdd59f5e7eaa42aaf87914100db3
#9 DONE 0.0s

#10 [switch internal] load build context
#10 transferring context: 31B done
#10 DONE 0.0s

#11 [switch 2/4] RUN apt-get update &&     apt-get install -y iproute2 iptables bash &&     rm -rf /var/lib/apt/lists/*
#11 CACHED

#12 [switch 3/4] COPY switch.sh /app/switch.sh
#12 CACHED

#13 [switch 4/4] RUN chmod +x /app/switch.sh
#13 CACHED

#7 [istream_player internal] load build context
#7 transferring context: 9.28kB 0.0s done
#7 DONE 0.1s

#14 [switch] exporting to image
#14 exporting layers done
#14 writing image sha256:b064ea11d9b2ff39533c99a4fa41829da8e3daf212e76fb0bbec79cb19fd520a done
#14 naming to docker.io/library/istream_player_3-switch done
#14 DONE 0.0s

#15 [istream_player  7/11] COPY scripts scripts
#15 CACHED

#16 [istream_player  8/11] COPY setup.py .
#16 CACHED

#17 [istream_player 10/11] COPY start_player.sh start_player.sh
#17 CACHED

#18 [istream_player  9/11] COPY wrapper.py wrapper.py
#18 CACHED

#19 [istream_player  2/11] WORKDIR /src
#19 CACHED

#20 [istream_player  4/11] COPY requirements.txt /src
#20 CACHED

#21 [istream_player  3/11] RUN apt-get update &&     apt-get -y install         curl         gnupg2         knot-dnsutils         kmod         net-tools         iproute2 &&     rm -rf /var/lib/apt/lists/*
#21 CACHED

#22 [istream_player  5/11] RUN pip install -r requirements.txt
#22 CACHED

#23 [istream_player  6/11] COPY istream_player istream_player
#23 CACHED

#24 [istream_player 11/11] RUN pip install .
#24 CACHED

#25 [istream_player] exporting to image
#25 exporting layers done
#25 writing image sha256:f0fd7a9c03f4d9632dd402a093e76e5caf2439bbae006630b0569c72a21863d8 done
#25 naming to docker.io/library/istream_player_3-istream_player
#25 naming to docker.io/library/istream_player_3-istream_player 0.0s done
#25 DONE 0.0s

#26 [switch] resolving provenance for metadata file
#26 DONE 0.0s

#27 [istream_player] resolving provenance for metadata file
#27 DONE 0.0s
 istream_player_3-switch  Built
 istream_player_3-istream_player  Built
 Container switch_3  Starting
 Container switch_3  Started
 Container istream_player_3  Starting
 Container istream_player_3  Started
time="2025-11-13T18:56:47Z" level=warning msg="/home/michaelrudolph/Projects/spirit-istreamplayer-fork/docker-compose.player.yaml: the attribute `version` is obsolete, it will be ignored, please remove it to avoid potential confusion"
#1 [internal] load local bake definitions
#1 reading from stdin 1.12kB done
#1 DONE 0.0s

#2 [switch internal] load build definition from Switch.Dockerfile
#2 transferring dockerfile: 261B done
#2 DONE 0.0s

#3 [istream_player internal] load build definition from Player.Dockerfile
#3 transferring dockerfile: 527B done
#3 DONE 0.1s

#4 [istream_player internal] load metadata for docker.io/library/python:3.10
#4 DONE 0.2s

#5 [switch internal] load metadata for docker.io/library/ubuntu:22.04
#5 DONE 0.3s

#6 [istream_player internal] load .dockerignore
#6 transferring context: 48B done
#6 DONE 0.0s

#7 [istream_player internal] load build context
#7 DONE 0.0s

#8 [istream_player  1/11] FROM docker.io/library/python:3.10@sha256:e944d95e7277b5888479cc4bcd6cec63e3128fec9ec4c6ef099be470d89b54d4
#8 resolve docker.io/library/python:3.10@sha256:e944d95e7277b5888479cc4bcd6cec63e3128fec9ec4c6ef099be470d89b54d4
#8 ...

#6 [switch internal] load .dockerignore
#6 transferring context: 48B done
#6 DONE 0.0s

#9 [switch 1/4] FROM docker.io/library/ubuntu:22.04@sha256:09506232a8004baa32c47d68f1e5c307d648fdd59f5e7eaa42aaf87914100db3
#9 DONE 0.0s

#10 [switch internal] load build context
#10 transferring context: 31B done
#10 DONE 0.0s

#11 [switch 2/4] RUN apt-get update &&     apt-get install -y iproute2 iptables bash &&     rm -rf /var/lib/apt/lists/*
#11 CACHED

#12 [switch 3/4] COPY switch.sh /app/switch.sh
#12 CACHED

#13 [switch 4/4] RUN chmod +x /app/switch.sh
#13 CACHED

#8 [istream_player  1/11] FROM docker.io/library/python:3.10@sha256:e944d95e7277b5888479cc4bcd6cec63e3128fec9ec4c6ef099be470d89b54d4
#8 resolve docker.io/library/python:3.10@sha256:e944d95e7277b5888479cc4bcd6cec63e3128fec9ec4c6ef099be470d89b54d4 0.2s done
#8 DONE 0.2s

#14 [switch] exporting to image
#14 exporting layers done
#14 writing image sha256:b819f059ffd79ac269feeaadc5c399f4e00e1c27be14fd9c39c918554e9830fd done
#14 naming to docker.io/library/istream_player_4-switch 0.0s done
#14 DONE 0.0s

#7 [istream_player internal] load build context
#7 transferring context: 9.28kB 0.0s done
#7 DONE 0.1s

#15 [istream_player  4/11] COPY requirements.txt /src
#15 CACHED

#16 [istream_player  8/11] COPY setup.py .
#16 CACHED

#17 [istream_player 10/11] COPY start_player.sh start_player.sh
#17 CACHED

#18 [istream_player  7/11] COPY scripts scripts
#18 CACHED

#19 [istream_player  3/11] RUN apt-get update &&     apt-get -y install         curl         gnupg2         knot-dnsutils         kmod         net-tools         iproute2 &&     rm -rf /var/lib/apt/lists/*
#19 CACHED

#20 [istream_player  5/11] RUN pip install -r requirements.txt
#20 CACHED

#21 [istream_player  2/11] WORKDIR /src
#21 CACHED

#22 [istream_player  6/11] COPY istream_player istream_player
#22 CACHED

#23 [istream_player  9/11] COPY wrapper.py wrapper.py
#23 CACHED

#24 [istream_player 11/11] RUN pip install .
#24 CACHED

#25 [istream_player] exporting to image
#25 exporting layers done
#25 writing image sha256:6d8753b7077037ed789be00443b804c2c9a589ffcfcb1a79dfcc60d09b2065db done
#25 naming to docker.io/library/istream_player_4-istream_player done
#25 DONE 0.0s

#26 [switch] resolving provenance for metadata file
#26 DONE 0.0s

#27 [istream_player] resolving provenance for metadata file
#27 DONE 0.0s
 istream_player_4-switch  Built
 istream_player_4-istream_player  Built
 Container switch_4  Starting
 Container switch_4  Started
 Container istream_player_4  Starting
 Container istream_player_4  Started
time="2025-11-13T18:56:49Z" level=warning msg="/home/michaelrudolph/Projects/spirit-istreamplayer-fork/docker-compose.player.yaml: the attribute `version` is obsolete, it will be ignored, please remove it to avoid potential confusion"
#1 [internal] load local bake definitions
#1 reading from stdin 1.12kB done
#1 DONE 0.0s

#2 [istream_player internal] load build definition from Player.Dockerfile
#2 transferring dockerfile: 527B done
#2 DONE 0.0s

#3 [switch internal] load build definition from Switch.Dockerfile
#3 transferring dockerfile: 261B done
#3 DONE 0.0s

#4 [switch internal] load metadata for docker.io/library/ubuntu:22.04
#4 ...

#5 [istream_player internal] load metadata for docker.io/library/python:3.10
#5 DONE 0.3s

#6 [istream_player internal] load .dockerignore
#6 transferring context: 48B done
#6 DONE 0.0s

#7 [istream_player internal] load build context
#7 DONE 0.0s

#4 [switch internal] load metadata for docker.io/library/ubuntu:22.04
#4 DONE 0.4s

#8 [istream_player  1/11] FROM docker.io/library/python:3.10@sha256:e944d95e7277b5888479cc4bcd6cec63e3128fec9ec4c6ef099be470d89b54d4
#8 resolve docker.io/library/python:3.10@sha256:e944d95e7277b5888479cc4bcd6cec63e3128fec9ec4c6ef099be470d89b54d4
#8 resolve docker.io/library/python:3.10@sha256:e944d95e7277b5888479cc4bcd6cec63e3128fec9ec4c6ef099be470d89b54d4 0.1s done
#8 DONE 0.1s

#6 [switch internal] load .dockerignore
#6 transferring context: 48B done
#6 DONE 0.0s

#9 [switch 1/4] FROM docker.io/library/ubuntu:22.04@sha256:09506232a8004baa32c47d68f1e5c307d648fdd59f5e7eaa42aaf87914100db3
#9 DONE 0.0s

#10 [switch internal] load build context
#10 transferring context: 31B done
#10 DONE 0.0s

#11 [switch 2/4] RUN apt-get update &&     apt-get install -y iproute2 iptables bash &&     rm -rf /var/lib/apt/lists/*
#11 CACHED

#12 [switch 3/4] COPY switch.sh /app/switch.sh
#12 CACHED

#13 [switch 4/4] RUN chmod +x /app/switch.sh
#13 CACHED

#14 [switch] exporting to image
#14 exporting layers done
#14 writing image sha256:fd9fcb031d934e06abf214bc7879cafa20beeeb57706a67495c373d21891e7e3
#14 writing image sha256:fd9fcb031d934e06abf214bc7879cafa20beeeb57706a67495c373d21891e7e3 0.0s done
#14 naming to docker.io/library/istream_player_5-switch 0.0s done
#14 DONE 0.0s

#7 [istream_player internal] load build context
#7 transferring context: 9.28kB 0.0s done
#7 DONE 0.1s

#15 [istream_player  2/11] WORKDIR /src
#15 CACHED

#16 [istream_player  4/11] COPY requirements.txt /src
#16 CACHED

#17 [istream_player  8/11] COPY setup.py .
#17 CACHED

#18 [istream_player  3/11] RUN apt-get update &&     apt-get -y install         curl         gnupg2         knot-dnsutils         kmod         net-tools         iproute2 &&     rm -rf /var/lib/apt/lists/*
#18 CACHED

#19 [istream_player  9/11] COPY wrapper.py wrapper.py
#19 CACHED

#20 [istream_player 10/11] COPY start_player.sh start_player.sh
#20 CACHED

#21 [istream_player  5/11] RUN pip install -r requirements.txt
#21 CACHED

#22 [istream_player  6/11] COPY istream_player istream_player
#22 CACHED

#23 [istream_player  7/11] COPY scripts scripts
#23 CACHED

#24 [istream_player 11/11] RUN pip install .
#24 CACHED

#25 [istream_player] exporting to image
#25 exporting layers done
#25 writing image sha256:18ebb1b32672613439af8f5a5fdeacabe0a584fba0f487209eb716988ca754a7 0.0s done
#25 naming to docker.io/library/istream_player_5-istream_player 0.0s done
#25 DONE 0.0s

#26 [switch] resolving provenance for metadata file
#26 DONE 0.0s

#27 [istream_player] resolving provenance for metadata file
#27 DONE 0.0s
 istream_player_5-switch  Built
 istream_player_5-istream_player  Built
 Container switch_5  Starting
 Container switch_5  Started
 Container istream_player_5  Starting
 Container istream_player_5  Started
time="2025-11-13T18:56:51Z" level=warning msg="/home/michaelrudolph/Projects/spirit-istreamplayer-fork/docker-compose.player.yaml: the attribute `version` is obsolete, it will be ignored, please remove it to avoid potential confusion"
#1 [internal] load local bake definitions
#1 reading from stdin 1.12kB done
#1 DONE 0.0s

#2 [switch internal] load build definition from Switch.Dockerfile
#2 transferring dockerfile: 261B done
#2 DONE 0.0s

#3 [istream_player internal] load build definition from Player.Dockerfile
#3 transferring dockerfile: 527B done
#3 DONE 0.0s

#4 [istream_player internal] load metadata for docker.io/library/python:3.10
#4 DONE 0.2s

#5 [switch internal] load metadata for docker.io/library/ubuntu:22.04
#5 DONE 0.4s

#6 [istream_player internal] load .dockerignore
#6 transferring context: 48B done
#6 DONE 0.0s

#7 [istream_player internal] load build context
#7 DONE 0.0s

#8 [istream_player  1/11] FROM docker.io/library/python:3.10@sha256:e944d95e7277b5888479cc4bcd6cec63e3128fec9ec4c6ef099be470d89b54d4
#8 resolve docker.io/library/python:3.10@sha256:e944d95e7277b5888479cc4bcd6cec63e3128fec9ec4c6ef099be470d89b54d4
#8 resolve docker.io/library/python:3.10@sha256:e944d95e7277b5888479cc4bcd6cec63e3128fec9ec4c6ef099be470d89b54d4 0.2s done
#8 DONE 0.2s

#6 [switch internal] load .dockerignore
#6 transferring context: 48B done
#6 DONE 0.0s

#9 [switch 1/4] FROM docker.io/library/ubuntu:22.04@sha256:09506232a8004baa32c47d68f1e5c307d648fdd59f5e7eaa42aaf87914100db3
#9 DONE 0.0s

#10 [switch internal] load build context
#10 transferring context: 31B done
#10 DONE 0.1s

#7 [istream_player internal] load build context
#7 transferring context: 9.28kB done
#7 DONE 0.1s

#11 [switch 2/4] RUN apt-get update &&     apt-get install -y iproute2 iptables bash &&     rm -rf /var/lib/apt/lists/*
#11 CACHED

#12 [switch 3/4] COPY switch.sh /app/switch.sh
#12 CACHED

#13 [switch 4/4] RUN chmod +x /app/switch.sh
#13 CACHED

#14 [istream_player  2/11] WORKDIR /src
#14 CACHED

#15 [istream_player  3/11] RUN apt-get update &&     apt-get -y install         curl         gnupg2         knot-dnsutils         kmod         net-tools         iproute2 &&     rm -rf /var/lib/apt/lists/*
#15 CACHED

#16 [istream_player  4/11] COPY requirements.txt /src
#16 CACHED

#17 [istream_player  8/11] COPY setup.py .
#17 CACHED

#18 [istream_player  9/11] COPY wrapper.py wrapper.py
#18 CACHED

#19 [istream_player  7/11] COPY scripts scripts
#19 CACHED

#20 [istream_player 10/11] COPY start_player.sh start_player.sh
#20 CACHED

#21 [istream_player  5/11] RUN pip install -r requirements.txt
#21 CACHED

#22 [istream_player  6/11] COPY istream_player istream_player
#22 CACHED

#23 [istream_player 11/11] RUN pip install .
#23 CACHED

#24 [switch] exporting to image
#24 exporting layers done
#24 writing image sha256:d5fba543c5b35b6c1284eef8fd639fd501dfbb5ad5e25e47a632c32dad8f7310 0.0s done
#24 naming to docker.io/library/istream_player_6-switch 0.0s done
#24 DONE 0.0s

#25 [istream_player] exporting to image
#25 exporting layers done
#25 writing image sha256:03bbd298efdc2bebc9d1d54424001e9f1712449527bc26910659c53b13284db6 0.0s done
#25 naming to docker.io/library/istream_player_6-istream_player 0.0s done
#25 DONE 0.1s

#26 [switch] resolving provenance for metadata file
#26 DONE 0.0s

#27 [istream_player] resolving provenance for metadata file
#27 DONE 0.0s
 istream_player_6-switch  Built
 istream_player_6-istream_player  Built
 Container switch_6  Starting
 Container switch_6  Started
 Container istream_player_6  Starting
 Container istream_player_6  Started
time="2025-11-13T18:56:53Z" level=warning msg="/home/michaelrudolph/Projects/spirit-istreamplayer-fork/docker-compose.player.yaml: the attribute `version` is obsolete, it will be ignored, please remove it to avoid potential confusion"
#1 [internal] load local bake definitions
#1 reading from stdin 1.12kB done
#1 DONE 0.0s

#2 [istream_player internal] load build definition from Player.Dockerfile
#2 transferring dockerfile: 527B done
#2 DONE 0.0s

#3 [switch internal] load build definition from Switch.Dockerfile
#3 transferring dockerfile: 261B done
#3 DONE 0.0s

#4 [switch internal] load metadata for docker.io/library/ubuntu:22.04
#4 ...

#5 [istream_player internal] load metadata for docker.io/library/python:3.10
#5 DONE 0.3s

#6 [istream_player internal] load .dockerignore
#6 transferring context: 48B done
#6 DONE 0.0s

#7 [istream_player internal] load build context
#7 DONE 0.0s

#4 [switch internal] load metadata for docker.io/library/ubuntu:22.04
#4 DONE 0.4s

#8 [istream_player  1/11] FROM docker.io/library/python:3.10@sha256:e944d95e7277b5888479cc4bcd6cec63e3128fec9ec4c6ef099be470d89b54d4
#8 resolve docker.io/library/python:3.10@sha256:e944d95e7277b5888479cc4bcd6cec63e3128fec9ec4c6ef099be470d89b54d4
#8 resolve docker.io/library/python:3.10@sha256:e944d95e7277b5888479cc4bcd6cec63e3128fec9ec4c6ef099be470d89b54d4 0.1s done
#8 DONE 0.1s

#6 [switch internal] load .dockerignore
#6 transferring context: 48B done
#6 DONE 0.0s

#9 [switch 1/4] FROM docker.io/library/ubuntu:22.04@sha256:09506232a8004baa32c47d68f1e5c307d648fdd59f5e7eaa42aaf87914100db3
#9 DONE 0.0s

#10 [switch internal] load build context
#10 transferring context: 31B done
#10 DONE 0.0s

#11 [switch 2/4] RUN apt-get update &&     apt-get install -y iproute2 iptables bash &&     rm -rf /var/lib/apt/lists/*
#11 CACHED

#12 [switch 3/4] COPY switch.sh /app/switch.sh
#12 CACHED

#13 [switch 4/4] RUN chmod +x /app/switch.sh
#13 CACHED

#14 [switch] exporting to image
#14 exporting layers done
#14 writing image sha256:8d47f88b62ce2f8a7ccb0f7979ce4919cd920e7089b48cfdc9ea7fde4cbb4258 done
#14 naming to docker.io/library/istream_player_7-switch done
#14 DONE 0.0s

#7 [istream_player internal] load build context
#7 transferring context: 9.28kB 0.0s done
#7 DONE 0.1s

#15 [istream_player  5/11] RUN pip install -r requirements.txt
#15 CACHED

#16 [istream_player  6/11] COPY istream_player istream_player
#16 CACHED

#17 [istream_player  3/11] RUN apt-get update &&     apt-get -y install         curl         gnupg2         knot-dnsutils         kmod         net-tools         iproute2 &&     rm -rf /var/lib/apt/lists/*
#17 CACHED

#18 [istream_player  8/11] COPY setup.py .
#18 CACHED

#19 [istream_player  9/11] COPY wrapper.py wrapper.py
#19 CACHED

#20 [istream_player 10/11] COPY start_player.sh start_player.sh
#20 CACHED

#21 [istream_player  4/11] COPY requirements.txt /src
#21 CACHED

#22 [istream_player  7/11] COPY scripts scripts
#22 CACHED

#23 [istream_player  2/11] WORKDIR /src
#23 CACHED

#24 [istream_player 11/11] RUN pip install .
#24 CACHED

#25 [istream_player] exporting to image
#25 exporting layers done
#25 writing image sha256:ff8b48ea243641e579848f1453cee5a8ad5372f2b42ea8429edd0721fdfb7a4a done
#25 naming to docker.io/library/istream_player_7-istream_player done
#25 DONE 0.0s

#26 [switch] resolving provenance for metadata file
#26 DONE 0.0s

#27 [istream_player] resolving provenance for metadata file
#27 DONE 0.0s
 istream_player_7-switch  Built
 istream_player_7-istream_player  Built
 Container switch_7  Starting
 Container switch_7  Started
 Container istream_player_7  Starting
 Container istream_player_7  Started
time="2025-11-13T18:56:55Z" level=warning msg="/home/michaelrudolph/Projects/spirit-istreamplayer-fork/docker-compose.player.yaml: the attribute `version` is obsolete, it will be ignored, please remove it to avoid potential confusion"
#1 [internal] load local bake definitions
#1 reading from stdin 1.12kB done
#1 DONE 0.0s

#2 [switch internal] load build definition from Switch.Dockerfile
#2 transferring dockerfile: 261B done
#2 DONE 0.0s

#3 [istream_player internal] load build definition from Player.Dockerfile
#3 transferring dockerfile: 527B done
#3 DONE 0.1s

#4 [istream_player internal] load metadata for docker.io/library/python:3.10
#4 DONE 0.2s

#5 [switch internal] load metadata for docker.io/library/ubuntu:22.04
#5 DONE 0.3s

#6 [switch internal] load .dockerignore
#6 transferring context: 48B done
#6 DONE 0.0s

#7 [istream_player internal] load build context
#7 DONE 0.0s

#8 [switch 1/4] FROM docker.io/library/ubuntu:22.04@sha256:09506232a8004baa32c47d68f1e5c307d648fdd59f5e7eaa42aaf87914100db3
#8 DONE 0.0s

#9 [switch internal] load build context
#9 transferring context: 31B done
#9 DONE 0.0s

#10 [istream_player  1/11] FROM docker.io/library/python:3.10@sha256:e944d95e7277b5888479cc4bcd6cec63e3128fec9ec4c6ef099be470d89b54d4
#10 resolve docker.io/library/python:3.10@sha256:e944d95e7277b5888479cc4bcd6cec63e3128fec9ec4c6ef099be470d89b54d4
#10 resolve docker.io/library/python:3.10@sha256:e944d95e7277b5888479cc4bcd6cec63e3128fec9ec4c6ef099be470d89b54d4 0.2s done
#10 DONE 0.2s

#11 [switch 2/4] RUN apt-get update &&     apt-get install -y iproute2 iptables bash &&     rm -rf /var/lib/apt/lists/*
#11 CACHED

#12 [switch 3/4] COPY switch.sh /app/switch.sh
#12 CACHED

#13 [switch 4/4] RUN chmod +x /app/switch.sh
#13 CACHED

#14 [switch] exporting to image
#14 exporting layers done
#14 writing image sha256:dc99685c4a3c72f22f518a3779ac2a00c597f82f9e5d3890710895a2a3257dfd 0.0s done
#14 naming to docker.io/library/istream_player_8-switch 0.0s done
#14 DONE 0.1s

#7 [istream_player internal] load build context
#7 transferring context: 9.28kB 0.0s done
#7 DONE 0.1s

#15 [istream_player  5/11] RUN pip install -r requirements.txt
#15 CACHED

#16 [istream_player  7/11] COPY scripts scripts
#16 CACHED

#17 [istream_player  8/11] COPY setup.py .
#17 CACHED

#18 [istream_player 10/11] COPY start_player.sh start_player.sh
#18 CACHED

#19 [istream_player  2/11] WORKDIR /src
#19 CACHED

#20 [istream_player  4/11] COPY requirements.txt /src
#20 CACHED

#21 [istream_player  6/11] COPY istream_player istream_player
#21 CACHED

#22 [istream_player  9/11] COPY wrapper.py wrapper.py
#22 CACHED

#23 [istream_player  3/11] RUN apt-get update &&     apt-get -y install         curl         gnupg2         knot-dnsutils         kmod         net-tools         iproute2 &&     rm -rf /var/lib/apt/lists/*
#23 CACHED

#24 [istream_player 11/11] RUN pip install .
#24 CACHED

#25 [istream_player] exporting to image
#25 exporting layers done
#25 writing image sha256:c97bf9223241b117949a7ddcf4f3c47b4712dfb23f6545c625c74666741da219 done
#25 naming to docker.io/library/istream_player_8-istream_player done
#25 DONE 0.0s

#26 [switch] resolving provenance for metadata file
#26 DONE 0.0s

#27 [istream_player] resolving provenance for metadata file
#27 DONE 0.0s
 istream_player_8-switch  Built
 istream_player_8-istream_player  Built
 Container switch_8  Starting
 Container switch_8  Started
 Container istream_player_8  Starting
 Container istream_player_8  Started
time="2025-11-13T18:56:56Z" level=warning msg="/home/michaelrudolph/Projects/spirit-istreamplayer-fork/docker-compose.player.yaml: the attribute `version` is obsolete, it will be ignored, please remove it to avoid potential confusion"
#1 [internal] load local bake definitions
#1 reading from stdin 1.12kB done
#1 DONE 0.0s

#2 [switch internal] load build definition from Switch.Dockerfile
#2 transferring dockerfile: 261B done
#2 DONE 0.0s

#3 [istream_player internal] load build definition from Player.Dockerfile
#3 transferring dockerfile: 527B done
#3 DONE 0.0s

#4 [istream_player internal] load metadata for docker.io/library/python:3.10
#4 DONE 0.3s

#5 [switch internal] load metadata for docker.io/library/ubuntu:22.04
#5 ...

#6 [istream_player internal] load .dockerignore
#6 transferring context: 48B done
#6 DONE 0.0s

#7 [istream_player internal] load build context
#7 DONE 0.0s

#8 [istream_player  1/11] FROM docker.io/library/python:3.10@sha256:e944d95e7277b5888479cc4bcd6cec63e3128fec9ec4c6ef099be470d89b54d4
#8 resolve docker.io/library/python:3.10@sha256:e944d95e7277b5888479cc4bcd6cec63e3128fec9ec4c6ef099be470d89b54d4 0.1s done
#8 DONE 0.1s

#7 [istream_player internal] load build context
#7 transferring context: 337.60kB 0.0s done
#7 DONE 0.1s

#9 [istream_player 10/11] COPY start_player.sh start_player.sh
#9 CACHED

#10 [istream_player  2/11] WORKDIR /src
#10 CACHED

#11 [istream_player  8/11] COPY setup.py .
#11 CACHED

#12 [istream_player  4/11] COPY requirements.txt /src
#12 CACHED

#13 [istream_player  5/11] RUN pip install -r requirements.txt
#13 CACHED

#14 [istream_player  7/11] COPY scripts scripts
#14 CACHED

#15 [istream_player  9/11] COPY wrapper.py wrapper.py
#15 CACHED

#16 [istream_player  3/11] RUN apt-get update &&     apt-get -y install         curl         gnupg2         knot-dnsutils         kmod         net-tools         iproute2 &&     rm -rf /var/lib/apt/lists/*
#16 CACHED

#17 [istream_player  6/11] COPY istream_player istream_player
#17 CACHED

#18 [istream_player 11/11] RUN pip install .
#18 CACHED

#19 [istream_player] exporting to image
#19 exporting layers done
#19 writing image sha256:76e7bdad87f803e6cb125e364d8c6063d7572849ceb41e48fc54c8dba3deac86 0.0s done
#19 naming to docker.io/library/istream_player_9-istream_player 0.0s done
#19 DONE 0.0s

#20 [istream_player] resolving provenance for metadata file
#20 DONE 0.0s

#5 [switch internal] load metadata for docker.io/library/ubuntu:22.04
#5 DONE 1.2s

#6 [switch internal] load .dockerignore
#6 CACHED

#21 [switch 1/4] FROM docker.io/library/ubuntu:22.04@sha256:09506232a8004baa32c47d68f1e5c307d648fdd59f5e7eaa42aaf87914100db3
#21 DONE 0.0s

#22 [switch internal] load build context
#22 transferring context: 1.16kB done
#22 DONE 0.0s

#23 [switch 2/4] RUN apt-get update &&     apt-get install -y iproute2 iptables bash &&     rm -rf /var/lib/apt/lists/*
#23 CACHED

#24 [switch 3/4] COPY switch.sh /app/switch.sh
#24 CACHED

#25 [switch 4/4] RUN chmod +x /app/switch.sh
#25 CACHED

#26 [switch] exporting to image
#26 exporting layers done
#26 writing image sha256:d5a67580da784d7fb3d1a787cb1736d43ff8d374fe000bcf604a6f198515717c 0.0s done
#26 naming to docker.io/library/istream_player_9-switch done
#26 DONE 0.0s

#27 [switch] resolving provenance for metadata file
#27 DONE 0.0s
 istream_player_9-switch  Built
 istream_player_9-istream_player  Built
 Container switch_9  Starting
 Container switch_9  Started
 Container istream_player_9  Starting
 Container istream_player_9  Started
time="2025-11-13T18:56:59Z" level=warning msg="/home/michaelrudolph/Projects/spirit-istreamplayer-fork/docker-compose.player.yaml: the attribute `version` is obsolete, it will be ignored, please remove it to avoid potential confusion"
#1 [internal] load local bake definitions
#1 reading from stdin 1.12kB done
#1 DONE 0.0s

#2 [istream_player internal] load build definition from Player.Dockerfile
#2 transferring dockerfile: 527B done
#2 DONE 0.0s

#3 [switch internal] load build definition from Switch.Dockerfile
#3 transferring dockerfile: 261B done
#3 DONE 0.0s

#4 [switch internal] load metadata for docker.io/library/ubuntu:22.04
#4 ...

#5 [istream_player internal] load metadata for docker.io/library/python:3.10
#5 DONE 0.2s

#6 [istream_player internal] load .dockerignore
#6 transferring context: 48B done
#6 DONE 0.0s

#7 [istream_player  1/11] FROM docker.io/library/python:3.10@sha256:e944d95e7277b5888479cc4bcd6cec63e3128fec9ec4c6ef099be470d89b54d4
#7 resolve docker.io/library/python:3.10@sha256:e944d95e7277b5888479cc4bcd6cec63e3128fec9ec4c6ef099be470d89b54d4 0.0s done
#7 DONE 0.0s

#8 [istream_player internal] load build context
#8 transferring context: 337.60kB 0.0s done
#8 DONE 0.1s

#6 [switch internal] load .dockerignore
#6 transferring context: 48B done
#6 DONE 0.0s

#4 [switch internal] load metadata for docker.io/library/ubuntu:22.04
#4 DONE 0.3s

#9 [switch 1/4] FROM docker.io/library/ubuntu:22.04@sha256:09506232a8004baa32c47d68f1e5c307d648fdd59f5e7eaa42aaf87914100db3
#9 DONE 0.0s

#10 [istream_player  7/11] COPY scripts scripts
#10 CACHED

#11 [istream_player  2/11] WORKDIR /src
#11 CACHED

#12 [istream_player  6/11] COPY istream_player istream_player
#12 CACHED

#13 [istream_player  9/11] COPY wrapper.py wrapper.py
#13 CACHED

#14 [istream_player  4/11] COPY requirements.txt /src
#14 CACHED

#15 [istream_player  8/11] COPY setup.py .
#15 CACHED

#16 [istream_player 10/11] COPY start_player.sh start_player.sh
#16 CACHED

#17 [istream_player  3/11] RUN apt-get update &&     apt-get -y install         curl         gnupg2         knot-dnsutils         kmod         net-tools         iproute2 &&     rm -rf /var/lib/apt/lists/*
#17 CACHED

#18 [istream_player  5/11] RUN pip install -r requirements.txt
#18 CACHED

#19 [istream_player 11/11] RUN pip install .
#19 CACHED

#20 [switch internal] load build context
#20 transferring context: 1.16kB done
#20 DONE 0.0s

#21 [switch 2/4] RUN apt-get update &&     apt-get install -y iproute2 iptables bash &&     rm -rf /var/lib/apt/lists/*
#21 CACHED

#22 [switch 3/4] COPY switch.sh /app/switch.sh
#22 CACHED

#23 [switch 4/4] RUN chmod +x /app/switch.sh
#23 CACHED

#24 [switch] exporting to image
#24 exporting layers done
#24 writing image sha256:e018de8ed225e51f90f488d47c460862ba8f46a5e7dea7524b3e79db2d7338ec 0.0s done
#24 naming to docker.io/library/istream_player_10-switch
#24 naming to docker.io/library/istream_player_10-switch 0.0s done
#24 DONE 0.0s

#25 [istream_player] exporting to image
#25 exporting layers done
#25 writing image sha256:3005e316373773d0ecd93cb54909dc5025201a99013f091a0cd2993b7403f486 0.0s done
#25 naming to docker.io/library/istream_player_10-istream_player done
#25 DONE 0.1s

#26 [istream_player] resolving provenance for metadata file
#26 DONE 0.0s

#27 [switch] resolving provenance for metadata file
#27 DONE 0.0s
 istream_player_10-switch  Built
 istream_player_10-istream_player  Built
 Container switch_10  Starting
 Container switch_10  Started
 Container istream_player_10  Starting
 Container istream_player_10  Started
time="2025-11-13T18:57:00Z" level=warning msg="/home/michaelrudolph/Projects/spirit-istreamplayer-fork/docker-compose.player.yaml: the attribute `version` is obsolete, it will be ignored, please remove it to avoid potential confusion"
#1 [internal] load local bake definitions
#1 reading from stdin 1.12kB done
#1 DONE 0.0s

#2 [istream_player internal] load build definition from Player.Dockerfile
#2 transferring dockerfile: 527B done
#2 DONE 0.0s

#3 [switch internal] load build definition from Switch.Dockerfile
#3 transferring dockerfile: 261B done
#3 DONE 0.0s

#4 [switch internal] load metadata for docker.io/library/ubuntu:22.04
#4 ...

#5 [istream_player internal] load metadata for docker.io/library/python:3.10
#5 DONE 0.2s

#6 [istream_player internal] load .dockerignore
#6 transferring context: 48B done
#6 DONE 0.0s

#7 [istream_player internal] load build context
#7 DONE 0.0s

#8 [istream_player  1/11] FROM docker.io/library/python:3.10@sha256:e944d95e7277b5888479cc4bcd6cec63e3128fec9ec4c6ef099be470d89b54d4
#8 resolve docker.io/library/python:3.10@sha256:e944d95e7277b5888479cc4bcd6cec63e3128fec9ec4c6ef099be470d89b54d4 0.1s done
#8 DONE 0.1s

#6 [switch internal] load .dockerignore
#6 transferring context: 48B done
#6 DONE 0.0s

#4 [switch internal] load metadata for docker.io/library/ubuntu:22.04
#4 DONE 0.3s

#9 [switch 1/4] FROM docker.io/library/ubuntu:22.04@sha256:09506232a8004baa32c47d68f1e5c307d648fdd59f5e7eaa42aaf87914100db3
#9 DONE 0.0s

#7 [istream_player internal] load build context
#7 transferring context: 9.28kB 0.0s done
#7 DONE 0.0s

#10 [switch internal] load build context
#10 transferring context: 31B done
#10 DONE 0.0s

#11 [switch 3/4] COPY switch.sh /app/switch.sh
#11 CACHED

#12 [switch 2/4] RUN apt-get update &&     apt-get install -y iproute2 iptables bash &&     rm -rf /var/lib/apt/lists/*
#12 CACHED

#13 [switch 4/4] RUN chmod +x /app/switch.sh
#13 CACHED

#14 [istream_player  4/11] COPY requirements.txt /src
#14 CACHED

#15 [istream_player  5/11] RUN pip install -r requirements.txt
#15 CACHED

#16 [istream_player  8/11] COPY setup.py .
#16 CACHED

#17 [istream_player  9/11] COPY wrapper.py wrapper.py
#17 CACHED

#18 [istream_player  3/11] RUN apt-get update &&     apt-get -y install         curl         gnupg2         knot-dnsutils         kmod         net-tools         iproute2 &&     rm -rf /var/lib/apt/lists/*
#18 CACHED

#19 [istream_player  6/11] COPY istream_player istream_player
#19 CACHED

#20 [istream_player  7/11] COPY scripts scripts
#20 CACHED

#21 [istream_player  2/11] WORKDIR /src
#21 CACHED

#22 [istream_player 10/11] COPY start_player.sh start_player.sh
#22 CACHED

#23 [istream_player 11/11] RUN pip install .
#23 CACHED

#24 [istream_player] exporting to image
#24 exporting layers done
#24 writing image sha256:6e26bb45291d3d19e37d7a932af873e8226035cb845f37695e611f96e30169b8 done
#24 naming to docker.io/library/istream_player_11-istream_player 0.0s done
#24 DONE 0.1s

#25 [switch] exporting to image
#25 exporting layers done
#25 writing image sha256:32af2558259a3c097d0dc873b323b31fa6ced9d06a8909b467155d346f4e0735 0.0s done
#25 naming to docker.io/library/istream_player_11-switch 0.0s done
#25 DONE 0.1s

#26 [istream_player] resolving provenance for metadata file
#26 DONE 0.0s

#27 [switch] resolving provenance for metadata file
#27 DONE 0.0s
 istream_player_11-switch  Built
 istream_player_11-istream_player  Built
 Container switch_11  Starting
 Container switch_11  Started
 Container istream_player_11  Starting
 Container istream_player_11  Started
time="2025-11-13T18:57:02Z" level=warning msg="/home/michaelrudolph/Projects/spirit-istreamplayer-fork/docker-compose.player.yaml: the attribute `version` is obsolete, it will be ignored, please remove it to avoid potential confusion"
#1 [internal] load local bake definitions
#1 reading from stdin 1.12kB done
#1 DONE 0.0s

#2 [switch internal] load build definition from Switch.Dockerfile
#2 transferring dockerfile: 261B done
#2 DONE 0.0s

#3 [istream_player internal] load build definition from Player.Dockerfile
#3 transferring dockerfile: 527B done
#3 DONE 0.0s

#4 [istream_player internal] load metadata for docker.io/library/python:3.10
#4 DONE 0.2s

#5 [switch internal] load metadata for docker.io/library/ubuntu:22.04
#5 DONE 0.4s

#6 [istream_player internal] load .dockerignore
#6 transferring context: 48B done
#6 DONE 0.0s

#7 [istream_player internal] load build context
#7 DONE 0.0s

#8 [istream_player  1/11] FROM docker.io/library/python:3.10@sha256:e944d95e7277b5888479cc4bcd6cec63e3128fec9ec4c6ef099be470d89b54d4
#8 resolve docker.io/library/python:3.10@sha256:e944d95e7277b5888479cc4bcd6cec63e3128fec9ec4c6ef099be470d89b54d4
#8 resolve docker.io/library/python:3.10@sha256:e944d95e7277b5888479cc4bcd6cec63e3128fec9ec4c6ef099be470d89b54d4 0.2s done
#8 DONE 0.2s

#6 [switch internal] load .dockerignore
#6 transferring context: 48B done
#6 DONE 0.0s

#9 [switch 1/4] FROM docker.io/library/ubuntu:22.04@sha256:09506232a8004baa32c47d68f1e5c307d648fdd59f5e7eaa42aaf87914100db3
#9 DONE 0.0s

#10 [switch internal] load build context
#10 transferring context: 1.16kB done
#10 DONE 0.1s

#11 [switch 3/4] COPY switch.sh /app/switch.sh
#11 CACHED

#12 [switch 2/4] RUN apt-get update &&     apt-get install -y iproute2 iptables bash &&     rm -rf /var/lib/apt/lists/*
#12 CACHED

#13 [switch 4/4] RUN chmod +x /app/switch.sh
#13 CACHED

#7 [istream_player internal] load build context
#7 transferring context: 337.60kB 0.0s done
#7 DONE 0.1s

#14 [switch] exporting to image
#14 exporting layers done
#14 writing image sha256:4e50e2f11e8908ec8f14a1a6e4b6c888cf6ede1bb4cc69725c8d31d8f6b58adc 0.0s done
#14 naming to docker.io/library/istream_player_12-switch 0.0s done
#14 DONE 0.1s

#15 [istream_player  6/11] COPY istream_player istream_player
#15 CACHED

#16 [istream_player  3/11] RUN apt-get update &&     apt-get -y install         curl         gnupg2         knot-dnsutils         kmod         net-tools         iproute2 &&     rm -rf /var/lib/apt/lists/*
#16 CACHED

#17 [istream_player  4/11] COPY requirements.txt /src
#17 CACHED

#18 [istream_player  7/11] COPY scripts scripts
#18 CACHED

#19 [istream_player  5/11] RUN pip install -r requirements.txt
#19 CACHED

#20 [istream_player  8/11] COPY setup.py .
#20 CACHED

#21 [istream_player 10/11] COPY start_player.sh start_player.sh
#21 CACHED

#22 [istream_player  9/11] COPY wrapper.py wrapper.py
#22 CACHED

#23 [istream_player  2/11] WORKDIR /src
#23 CACHED

#24 [istream_player 11/11] RUN pip install .
#24 CACHED

#25 [istream_player] exporting to image
#25 exporting layers done
#25 writing image sha256:82ecd5375a931aab31a8d768e8161432cd39ec0842e3b45f25c39587c8dbb5ee done
#25 naming to docker.io/library/istream_player_12-istream_player done
#25 DONE 0.0s

#26 [switch] resolving provenance for metadata file
#26 DONE 0.0s

#27 [istream_player] resolving provenance for metadata file
#27 DONE 0.0s
 istream_player_12-switch  Built
 istream_player_12-istream_player  Built
 Container switch_12  Starting
 Container switch_12  Started
 Container istream_player_12  Starting
 Container istream_player_12  Started
time="2025-11-13T18:57:04Z" level=warning msg="/home/michaelrudolph/Projects/spirit-istreamplayer-fork/docker-compose.player.yaml: the attribute `version` is obsolete, it will be ignored, please remove it to avoid potential confusion"
#1 [internal] load local bake definitions
#1 reading from stdin 1.12kB done
#1 DONE 0.0s

#2 [istream_player internal] load build definition from Player.Dockerfile
#2 transferring dockerfile: 527B done
#2 DONE 0.0s

#3 [switch internal] load build definition from Switch.Dockerfile
#3 transferring dockerfile: 261B done
#3 DONE 0.0s

#4 [switch internal] load metadata for docker.io/library/ubuntu:22.04
#4 ...

#5 [istream_player internal] load metadata for docker.io/library/python:3.10
#5 DONE 0.2s

#6 [istream_player internal] load .dockerignore
#6 transferring context: 48B done
#6 DONE 0.0s

#7 [istream_player internal] load build context
#7 DONE 0.0s

#8 [istream_player  1/11] FROM docker.io/library/python:3.10@sha256:e944d95e7277b5888479cc4bcd6cec63e3128fec9ec4c6ef099be470d89b54d4
#8 resolve docker.io/library/python:3.10@sha256:e944d95e7277b5888479cc4bcd6cec63e3128fec9ec4c6ef099be470d89b54d4
#8 ...

#4 [switch internal] load metadata for docker.io/library/ubuntu:22.04
#4 DONE 0.4s

#6 [switch internal] load .dockerignore
#6 transferring context: 48B done
#6 DONE 0.0s

#9 [switch 1/4] FROM docker.io/library/ubuntu:22.04@sha256:09506232a8004baa32c47d68f1e5c307d648fdd59f5e7eaa42aaf87914100db3
#9 DONE 0.0s

#8 [istream_player  1/11] FROM docker.io/library/python:3.10@sha256:e944d95e7277b5888479cc4bcd6cec63e3128fec9ec4c6ef099be470d89b54d4
#8 resolve docker.io/library/python:3.10@sha256:e944d95e7277b5888479cc4bcd6cec63e3128fec9ec4c6ef099be470d89b54d4 0.2s done
#8 DONE 0.2s

#10 [switch internal] load build context
#10 transferring context: 31B done
#10 DONE 0.1s

#7 [istream_player internal] load build context
#7 transferring context: 9.28kB done
#7 DONE 0.1s

#11 [switch 2/4] RUN apt-get update &&     apt-get install -y iproute2 iptables bash &&     rm -rf /var/lib/apt/lists/*
#11 CACHED

#12 [switch 3/4] COPY switch.sh /app/switch.sh
#12 CACHED

#13 [switch 4/4] RUN chmod +x /app/switch.sh
#13 CACHED

#14 [istream_player  6/11] COPY istream_player istream_player
#14 CACHED

#15 [istream_player  3/11] RUN apt-get update &&     apt-get -y install         curl         gnupg2         knot-dnsutils         kmod         net-tools         iproute2 &&     rm -rf /var/lib/apt/lists/*
#15 CACHED

#16 [istream_player  5/11] RUN pip install -r requirements.txt
#16 CACHED

#17 [istream_player  4/11] COPY requirements.txt /src
#17 CACHED

#18 [istream_player  8/11] COPY setup.py .
#18 CACHED

#19 [istream_player  9/11] COPY wrapper.py wrapper.py
#19 CACHED

#20 [istream_player  2/11] WORKDIR /src
#20 CACHED

#21 [istream_player  7/11] COPY scripts scripts
#21 CACHED

#22 [istream_player 10/11] COPY start_player.sh start_player.sh
#22 CACHED

#23 [istream_player 11/11] RUN pip install .
#23 CACHED

#24 [switch] exporting to image
#24 exporting layers done
#24 writing image sha256:3725902fff084f5d4ed33c2897b04e9c3a2bb531265ee398563b75abe6ae9b2c 0.0s done
#24 naming to docker.io/library/istream_player_13-switch 0.0s done
#24 DONE 0.1s

#25 [istream_player] exporting to image
#25 exporting layers done
#25 writing image sha256:6da01e0af476f2b3d3663f1f00c58125329e5a02f4dba01ce64e6b3302c353c3 0.0s done
#25 naming to docker.io/library/istream_player_13-istream_player done
#25 DONE 0.1s

#26 [switch] resolving provenance for metadata file
#26 DONE 0.0s

#27 [istream_player] resolving provenance for metadata file
#27 DONE 0.0s
 istream_player_13-switch  Built
 istream_player_13-istream_player  Built
 Container switch_13  Starting
 Container switch_13  Started
 Container istream_player_13  Starting
 Container istream_player_13  Started
time="2025-11-13T18:57:06Z" level=warning msg="/home/michaelrudolph/Projects/spirit-istreamplayer-fork/docker-compose.player.yaml: the attribute `version` is obsolete, it will be ignored, please remove it to avoid potential confusion"
#1 [internal] load local bake definitions
#1 reading from stdin 1.12kB done
#1 DONE 0.0s

#2 [switch internal] load build definition from Switch.Dockerfile
#2 transferring dockerfile:
#2 transferring dockerfile: 261B done
#2 DONE 0.0s

#3 [istream_player internal] load build definition from Player.Dockerfile
#3 transferring dockerfile: 527B done
#3 DONE 0.0s

#4 [istream_player internal] load metadata for docker.io/library/python:3.10
#4 DONE 0.2s

#5 [switch internal] load metadata for docker.io/library/ubuntu:22.04
#5 DONE 0.4s

#6 [istream_player internal] load .dockerignore
#6 transferring context: 48B done
#6 DONE 0.0s

#7 [istream_player internal] load build context
#7 DONE 0.0s

#8 [istream_player  1/11] FROM docker.io/library/python:3.10@sha256:e944d95e7277b5888479cc4bcd6cec63e3128fec9ec4c6ef099be470d89b54d4
#8 resolve docker.io/library/python:3.10@sha256:e944d95e7277b5888479cc4bcd6cec63e3128fec9ec4c6ef099be470d89b54d4
#8 resolve docker.io/library/python:3.10@sha256:e944d95e7277b5888479cc4bcd6cec63e3128fec9ec4c6ef099be470d89b54d4 0.1s done
#8 DONE 0.1s

#6 [switch internal] load .dockerignore
#6 transferring context: 48B done
#6 DONE 0.0s

#9 [switch 1/4] FROM docker.io/library/ubuntu:22.04@sha256:09506232a8004baa32c47d68f1e5c307d648fdd59f5e7eaa42aaf87914100db3
#9 DONE 0.0s

#10 [switch internal] load build context
#10 transferring context: 31B done
#10 DONE 0.0s

#11 [switch 2/4] RUN apt-get update &&     apt-get install -y iproute2 iptables bash &&     rm -rf /var/lib/apt/lists/*
#11 CACHED

#12 [switch 3/4] COPY switch.sh /app/switch.sh
#12 CACHED

#13 [switch 4/4] RUN chmod +x /app/switch.sh
#13 CACHED

#14 [switch] exporting to image
#14 exporting layers done
#14 writing image sha256:292adf5c3147a7d0a3053bb8c3cff084b7c2841d02865d13670c2140707a3125 0.0s done
#14 naming to docker.io/library/istream_player_14-switch
#14 naming to docker.io/library/istream_player_14-switch 0.0s done
#14 DONE 0.0s

#7 [istream_player internal] load build context
#7 transferring context: 9.28kB 0.0s done
#7 DONE 0.1s

#15 [istream_player  7/11] COPY scripts scripts
#15 CACHED

#16 [istream_player  6/11] COPY istream_player istream_player
#16 CACHED

#17 [istream_player  3/11] RUN apt-get update &&     apt-get -y install         curl         gnupg2         knot-dnsutils         kmod         net-tools         iproute2 &&     rm -rf /var/lib/apt/lists/*
#17 CACHED

#18 [istream_player  5/11] RUN pip install -r requirements.txt
#18 CACHED

#19 [istream_player  9/11] COPY wrapper.py wrapper.py
#19 CACHED

#20 [istream_player 10/11] COPY start_player.sh start_player.sh
#20 CACHED

#21 [istream_player  4/11] COPY requirements.txt /src
#21 CACHED

#22 [istream_player  8/11] COPY setup.py .
#22 CACHED

#23 [istream_player  2/11] WORKDIR /src
#23 CACHED

#24 [istream_player 11/11] RUN pip install .
#24 CACHED

#25 [istream_player] exporting to image
#25 exporting layers done
#25 writing image sha256:d31ccdd4f482ba7eb73759be556c01704e6427b0c31bc387ec4c90c6248c9d2d 0.0s done
#25 naming to docker.io/library/istream_player_14-istream_player 0.0s done
#25 DONE 0.1s

#26 [switch] resolving provenance for metadata file
#26 DONE 0.0s

#27 [istream_player] resolving provenance for metadata file
#27 DONE 0.0s
 istream_player_14-switch  Built
 istream_player_14-istream_player  Built
 Container switch_14  Starting
 Container switch_14  Started
 Container istream_player_14  Starting
 Container istream_player_14  Started
time="2025-11-13T18:57:07Z" level=warning msg="/home/michaelrudolph/Projects/spirit-istreamplayer-fork/docker-compose.player.yaml: the attribute `version` is obsolete, it will be ignored, please remove it to avoid potential confusion"
#1 [internal] load local bake definitions
#1 reading from stdin 1.12kB done
#1 DONE 0.0s

#2 [istream_player internal] load build definition from Player.Dockerfile
#2 transferring dockerfile: 527B done
#2 DONE 0.0s

#3 [switch internal] load build definition from Switch.Dockerfile
#3 transferring dockerfile: 261B done
#3 DONE 0.0s

#4 [switch internal] load metadata for docker.io/library/ubuntu:22.04
#4 ...

#5 [istream_player internal] load metadata for docker.io/library/python:3.10
#5 DONE 0.3s

#6 [istream_player internal] load .dockerignore
#6 transferring context: 48B done
#6 DONE 0.0s

#7 [istream_player internal] load build context
#7 DONE 0.0s

#4 [switch internal] load metadata for docker.io/library/ubuntu:22.04
#4 DONE 0.4s

#8 [istream_player  1/11] FROM docker.io/library/python:3.10@sha256:e944d95e7277b5888479cc4bcd6cec63e3128fec9ec4c6ef099be470d89b54d4
#8 resolve docker.io/library/python:3.10@sha256:e944d95e7277b5888479cc4bcd6cec63e3128fec9ec4c6ef099be470d89b54d4
#8 resolve docker.io/library/python:3.10@sha256:e944d95e7277b5888479cc4bcd6cec63e3128fec9ec4c6ef099be470d89b54d4 0.2s done
#8 DONE 0.2s

#6 [switch internal] load .dockerignore
#6 transferring context: 48B done
#6 DONE 0.0s

#9 [switch 1/4] FROM docker.io/library/ubuntu:22.04@sha256:09506232a8004baa32c47d68f1e5c307d648fdd59f5e7eaa42aaf87914100db3
#9 DONE 0.0s

#10 [switch internal] load build context
#10 transferring context: 31B done
#10 DONE 0.0s

#11 [switch 2/4] RUN apt-get update &&     apt-get install -y iproute2 iptables bash &&     rm -rf /var/lib/apt/lists/*
#11 CACHED

#12 [switch 3/4] COPY switch.sh /app/switch.sh
#12 CACHED

#13 [switch 4/4] RUN chmod +x /app/switch.sh
#13 CACHED

#7 [istream_player internal] load build context
#7 transferring context: 9.28kB 0.0s done
#7 DONE 0.1s

#14 [switch] exporting to image
#14 exporting layers done
#14 writing image sha256:1d6635d69c61fce8dd2e620e228458d8a42ed2e7d126c9fc33ce1ec0d772f5f6 done
#14 naming to docker.io/library/istream_player_15-switch 0.0s done
#14 DONE 0.0s

#15 [istream_player  5/11] RUN pip install -r requirements.txt
#15 CACHED

#16 [istream_player  7/11] COPY scripts scripts
#16 CACHED

#17 [istream_player  8/11] COPY setup.py .
#17 CACHED

#18 [istream_player  9/11] COPY wrapper.py wrapper.py
#18 CACHED

#19 [istream_player  2/11] WORKDIR /src
#19 CACHED

#20 [istream_player  3/11] RUN apt-get update &&     apt-get -y install         curl         gnupg2         knot-dnsutils         kmod         net-tools         iproute2 &&     rm -rf /var/lib/apt/lists/*
#20 CACHED

#21 [istream_player  4/11] COPY requirements.txt /src
#21 CACHED

#22 [istream_player  6/11] COPY istream_player istream_player
#22 CACHED

#23 [istream_player 10/11] COPY start_player.sh start_player.sh
#23 CACHED

#24 [istream_player 11/11] RUN pip install .
#24 CACHED

#25 [istream_player] exporting to image
#25 exporting layers done
#25 writing image sha256:959e3457a2a110f4e75cf0d03cf393049756fb77b4d60a6819d1caf4b1b18c37 0.0s done
#25 naming to docker.io/library/istream_player_15-istream_player
#25 naming to docker.io/library/istream_player_15-istream_player 0.0s done
#25 DONE 0.1s

#26 [switch] resolving provenance for metadata file
#26 DONE 0.0s

#27 [istream_player] resolving provenance for metadata file
#27 DONE 0.0s
 istream_player_15-switch  Built
 istream_player_15-istream_player  Built
 Container switch_15  Starting
 Container switch_15  Started
 Container istream_player_15  Starting
 Container istream_player_15  Started
time="2025-11-13T18:57:09Z" level=warning msg="/home/michaelrudolph/Projects/spirit-istreamplayer-fork/docker-compose.player.yaml: the attribute `version` is obsolete, it will be ignored, please remove it to avoid potential confusion"
#1 [internal] load local bake definitions
#1 reading from stdin 1.12kB done
#1 DONE 0.0s

#2 [istream_player internal] load build definition from Player.Dockerfile
#2 transferring dockerfile: 527B done
#2 DONE 0.0s

#3 [switch internal] load build definition from Switch.Dockerfile
#3 transferring dockerfile: 261B done
#3 DONE 0.0s

#4 [switch internal] load metadata for docker.io/library/ubuntu:22.04
#4 ...

#5 [istream_player internal] load metadata for docker.io/library/python:3.10
#5 DONE 0.3s

#6 [istream_player internal] load .dockerignore
#6 transferring context: 48B done
#6 DONE 0.0s

#7 [istream_player internal] load build context
#7 DONE 0.0s

#4 [switch internal] load metadata for docker.io/library/ubuntu:22.04
#4 DONE 0.4s

#8 [istream_player  1/11] FROM docker.io/library/python:3.10@sha256:e944d95e7277b5888479cc4bcd6cec63e3128fec9ec4c6ef099be470d89b54d4
#8 resolve docker.io/library/python:3.10@sha256:e944d95e7277b5888479cc4bcd6cec63e3128fec9ec4c6ef099be470d89b54d4
#8 resolve docker.io/library/python:3.10@sha256:e944d95e7277b5888479cc4bcd6cec63e3128fec9ec4c6ef099be470d89b54d4 0.1s done
#8 DONE 0.1s

#6 [switch internal] load .dockerignore
#6 transferring context: 48B done
#6 DONE 0.0s

#9 [switch 1/4] FROM docker.io/library/ubuntu:22.04@sha256:09506232a8004baa32c47d68f1e5c307d648fdd59f5e7eaa42aaf87914100db3
#9 DONE 0.0s

#10 [switch internal] load build context
#10 transferring context: 31B done
#10 DONE 0.0s

#11 [switch 3/4] COPY switch.sh /app/switch.sh
#11 CACHED

#12 [switch 2/4] RUN apt-get update &&     apt-get install -y iproute2 iptables bash &&     rm -rf /var/lib/apt/lists/*
#12 CACHED

#13 [switch 4/4] RUN chmod +x /app/switch.sh
#13 CACHED

#7 [istream_player internal] load build context
#7 transferring context: 9.28kB done
#7 DONE 0.0s

#14 [switch] exporting to image
#14 exporting layers done
#14 writing image sha256:14c01d136a884c3689e5608a7e30dcf9e858df3957bae7c5ca5f3a609828b7a2 done
#14 naming to docker.io/library/istream_player_16-switch done
#14 DONE 0.0s

#15 [istream_player  3/11] RUN apt-get update &&     apt-get -y install         curl         gnupg2         knot-dnsutils         kmod         net-tools         iproute2 &&     rm -rf /var/lib/apt/lists/*
#15 CACHED

#16 [istream_player  9/11] COPY wrapper.py wrapper.py
#16 CACHED

#17 [istream_player 10/11] COPY start_player.sh start_player.sh
#17 CACHED

#18 [istream_player  2/11] WORKDIR /src
#18 CACHED

#19 [istream_player  4/11] COPY requirements.txt /src
#19 CACHED

#20 [istream_player  5/11] RUN pip install -r requirements.txt
#20 CACHED

#21 [istream_player  6/11] COPY istream_player istream_player
#21 CACHED

#22 [istream_player  7/11] COPY scripts scripts
#22 CACHED

#23 [istream_player  8/11] COPY setup.py .
#23 CACHED

#24 [istream_player 11/11] RUN pip install .
#24 CACHED

#25 [istream_player] exporting to image
#25 exporting layers done
#25 writing image sha256:2d8489754ad8c47ae9afad9815f9173e47edfa34beef403b2dde2c8e67ab7745 0.0s done
#25 naming to docker.io/library/istream_player_16-istream_player 0.0s done
#25 DONE 0.0s

#26 [switch] resolving provenance for metadata file
#26 DONE 0.0s

#27 [istream_player] resolving provenance for metadata file
#27 DONE 0.0s
 istream_player_16-switch  Built
 istream_player_16-istream_player  Built
 Container switch_16  Starting
 Container switch_16  Started
 Container istream_player_16  Starting
 Container istream_player_16  Started
time="2025-11-13T18:57:11Z" level=warning msg="/home/michaelrudolph/Projects/spirit-istreamplayer-fork/docker-compose.player.yaml: the attribute `version` is obsolete, it will be ignored, please remove it to avoid potential confusion"
#1 [internal] load local bake definitions
#1 reading from stdin 1.12kB done
#1 DONE 0.0s

#2 [istream_player internal] load build definition from Player.Dockerfile
#2 transferring dockerfile: 527B done
#2 DONE 0.0s

#3 [switch internal] load build definition from Switch.Dockerfile
#3 transferring dockerfile: 261B done
#3 DONE 0.0s

#4 [switch internal] load metadata for docker.io/library/ubuntu:22.04
#4 ...

#5 [istream_player internal] load metadata for docker.io/library/python:3.10
#5 DONE 0.2s

#6 [istream_player internal] load .dockerignore
#6 transferring context: 48B done
#6 DONE 0.0s

#7 [istream_player internal] load build context
#7 DONE 0.0s

#4 [switch internal] load metadata for docker.io/library/ubuntu:22.04
#4 DONE 0.4s

#8 [istream_player  1/11] FROM docker.io/library/python:3.10@sha256:e944d95e7277b5888479cc4bcd6cec63e3128fec9ec4c6ef099be470d89b54d4
#8 resolve docker.io/library/python:3.10@sha256:e944d95e7277b5888479cc4bcd6cec63e3128fec9ec4c6ef099be470d89b54d4
#8 resolve docker.io/library/python:3.10@sha256:e944d95e7277b5888479cc4bcd6cec63e3128fec9ec4c6ef099be470d89b54d4 0.1s done
#8 DONE 0.1s

#6 [switch internal] load .dockerignore
#6 transferring context: 48B done
#6 DONE 0.0s

#9 [switch 1/4] FROM docker.io/library/ubuntu:22.04@sha256:09506232a8004baa32c47d68f1e5c307d648fdd59f5e7eaa42aaf87914100db3
#9 DONE 0.0s

#10 [switch internal] load build context
#10 transferring context: 31B done
#10 DONE 0.0s

#11 [switch 2/4] RUN apt-get update &&     apt-get install -y iproute2 iptables bash &&     rm -rf /var/lib/apt/lists/*
#11 CACHED

#12 [switch 3/4] COPY switch.sh /app/switch.sh
#12 CACHED

#13 [switch 4/4] RUN chmod +x /app/switch.sh
#13 CACHED

#7 [istream_player internal] load build context
#7 transferring context: 9.28kB done
#7 DONE 0.0s

#14 [switch] exporting to image
#14 exporting layers done
#14 writing image sha256:636985c6d057d9a7dfd1ed7617b3e2e7ae118d5f6db79106a2213e23442a9708 done
#14 naming to docker.io/library/istream_player_17-switch done
#14 DONE 0.0s

#15 [istream_player  9/11] COPY wrapper.py wrapper.py
#15 CACHED

#16 [istream_player  3/11] RUN apt-get update &&     apt-get -y install         curl         gnupg2         knot-dnsutils         kmod         net-tools         iproute2 &&     rm -rf /var/lib/apt/lists/*
#16 CACHED

#17 [istream_player  6/11] COPY istream_player istream_player
#17 CACHED

#18 [istream_player  4/11] COPY requirements.txt /src
#18 CACHED

#19 [istream_player  8/11] COPY setup.py .
#19 CACHED

#20 [istream_player 10/11] COPY start_player.sh start_player.sh
#20 CACHED

#21 [istream_player  5/11] RUN pip install -r requirements.txt
#21 CACHED

#22 [istream_player  7/11] COPY scripts scripts
#22 CACHED

#23 [istream_player  2/11] WORKDIR /src
#23 CACHED

#24 [istream_player 11/11] RUN pip install .
#24 CACHED

#25 [istream_player] exporting to image
#25 exporting layers done
#25 writing image sha256:da585668082f0595b1638e069b975eaa09879c7d11b199eccd803bcab570cd1a 0.0s done
#25 naming to docker.io/library/istream_player_17-istream_player
#25 naming to docker.io/library/istream_player_17-istream_player 0.0s done
#25 DONE 0.0s

#26 [switch] resolving provenance for metadata file
#26 DONE 0.0s

#27 [istream_player] resolving provenance for metadata file
#27 DONE 0.0s
 istream_player_17-switch  Built
 istream_player_17-istream_player  Built
 Container switch_17  Starting
 Container switch_17  Started
 Container istream_player_17  Starting
 Container istream_player_17  Started
time="2025-11-13T18:57:13Z" level=warning msg="/home/michaelrudolph/Projects/spirit-istreamplayer-fork/docker-compose.player.yaml: the attribute `version` is obsolete, it will be ignored, please remove it to avoid potential confusion"
#1 [internal] load local bake definitions
#1 reading from stdin 1.12kB done
#1 DONE 0.0s

#2 [istream_player internal] load build definition from Player.Dockerfile
#2 transferring dockerfile: 527B done
#2 DONE 0.0s

#3 [switch internal] load build definition from Switch.Dockerfile
#3 transferring dockerfile: 261B done
#3 DONE 0.0s

#4 [switch internal] load metadata for docker.io/library/ubuntu:22.04
#4 ...

#5 [istream_player internal] load metadata for docker.io/library/python:3.10
#5 DONE 0.3s

#6 [istream_player internal] load .dockerignore
#6 transferring context: 48B done
#6 DONE 0.0s

#7 [istream_player internal] load build context
#7 DONE 0.0s

#8 [istream_player  1/11] FROM docker.io/library/python:3.10@sha256:e944d95e7277b5888479cc4bcd6cec63e3128fec9ec4c6ef099be470d89b54d4
#8 resolve docker.io/library/python:3.10@sha256:e944d95e7277b5888479cc4bcd6cec63e3128fec9ec4c6ef099be470d89b54d4 0.1s done
#8 DONE 0.1s

#7 [istream_player internal] load build context
#7 transferring context: 337.60kB 0.0s done
#7 DONE 0.0s

#9 [istream_player  3/11] RUN apt-get update &&     apt-get -y install         curl         gnupg2         knot-dnsutils         kmod         net-tools         iproute2 &&     rm -rf /var/lib/apt/lists/*
#9 CACHED

#10 [istream_player  4/11] COPY requirements.txt /src
#10 CACHED

#11 [istream_player  6/11] COPY istream_player istream_player
#11 CACHED

#12 [istream_player  8/11] COPY setup.py .
#12 CACHED

#13 [istream_player  2/11] WORKDIR /src
#13 CACHED

#14 [istream_player  5/11] RUN pip install -r requirements.txt
#14 CACHED

#15 [istream_player  9/11] COPY wrapper.py wrapper.py
#15 CACHED

#16 [istream_player 10/11] COPY start_player.sh start_player.sh
#16 CACHED

#17 [istream_player  7/11] COPY scripts scripts
#17 CACHED

#18 [istream_player 11/11] RUN pip install .
#18 CACHED

#19 [istream_player] exporting to image
#19 exporting layers done
#19 writing image sha256:3e2eb83b0ad94f8770274789b91afa362db302ad9adbea54652f46d57a465629 done
#19 naming to docker.io/library/istream_player_18-istream_player done
#19 DONE 0.0s

#4 [switch internal] load metadata for docker.io/library/ubuntu:22.04
#4 DONE 0.7s

#20 [istream_player] resolving provenance for metadata file
#20 DONE 0.0s

#6 [switch internal] load .dockerignore
#6 CACHED

#21 [switch 1/4] FROM docker.io/library/ubuntu:22.04@sha256:09506232a8004baa32c47d68f1e5c307d648fdd59f5e7eaa42aaf87914100db3
#21 DONE 0.0s

#22 [switch internal] load build context
#22 transferring context: 1.16kB done
#22 DONE 0.0s

#23 [switch 3/4] COPY switch.sh /app/switch.sh
#23 CACHED

#24 [switch 2/4] RUN apt-get update &&     apt-get install -y iproute2 iptables bash &&     rm -rf /var/lib/apt/lists/*
#24 CACHED

#25 [switch 4/4] RUN chmod +x /app/switch.sh
#25 CACHED

#26 [switch] exporting to image
#26 exporting layers done
#26 writing image sha256:d156f3706285a87481f3c9b7f8bef55ba706c98467c561b1f905cae264ac5a70 done
#26 naming to docker.io/library/istream_player_18-switch done
#26 DONE 0.0s

#27 [switch] resolving provenance for metadata file
#27 DONE 0.0s
 istream_player_18-switch  Built
 istream_player_18-istream_player  Built
 Container switch_18  Starting
 Container switch_18  Started
 Container istream_player_18  Starting
 Container istream_player_18  Started
time="2025-11-13T18:57:15Z" level=warning msg="/home/michaelrudolph/Projects/spirit-istreamplayer-fork/docker-compose.player.yaml: the attribute `version` is obsolete, it will be ignored, please remove it to avoid potential confusion"
#1 [internal] load local bake definitions
#1 reading from stdin 1.12kB done
#1 DONE 0.0s

#2 [switch internal] load build definition from Switch.Dockerfile
#2 transferring dockerfile: 261B done
#2 DONE 0.0s

#3 [istream_player internal] load build definition from Player.Dockerfile
#3 transferring dockerfile: 527B done
#3 DONE 0.0s

#4 [istream_player internal] load metadata for docker.io/library/python:3.10
#4 DONE 0.2s

#5 [switch internal] load metadata for docker.io/library/ubuntu:22.04
#5 DONE 0.4s

#6 [istream_player internal] load .dockerignore
#6 transferring context: 48B done
#6 DONE 0.0s

#7 [istream_player internal] load build context
#7 DONE 0.0s

#8 [istream_player  1/11] FROM docker.io/library/python:3.10@sha256:e944d95e7277b5888479cc4bcd6cec63e3128fec9ec4c6ef099be470d89b54d4
#8 resolve docker.io/library/python:3.10@sha256:e944d95e7277b5888479cc4bcd6cec63e3128fec9ec4c6ef099be470d89b54d4
#8 resolve docker.io/library/python:3.10@sha256:e944d95e7277b5888479cc4bcd6cec63e3128fec9ec4c6ef099be470d89b54d4 0.1s done
#8 DONE 0.1s

#6 [switch internal] load .dockerignore
#6 transferring context: 48B done
#6 DONE 0.0s

#9 [switch 1/4] FROM docker.io/library/ubuntu:22.04@sha256:09506232a8004baa32c47d68f1e5c307d648fdd59f5e7eaa42aaf87914100db3
#9 DONE 0.0s

#10 [switch internal] load build context
#10 transferring context: 31B done
#10 DONE 0.0s

#11 [switch 2/4] RUN apt-get update &&     apt-get install -y iproute2 iptables bash &&     rm -rf /var/lib/apt/lists/*
#11 CACHED

#12 [switch 3/4] COPY switch.sh /app/switch.sh
#12 CACHED

#13 [switch 4/4] RUN chmod +x /app/switch.sh
#13 CACHED

#7 [istream_player internal] load build context
#7 transferring context: 9.28kB done
#7 DONE 0.0s

#14 [switch] exporting to image
#14 exporting layers done
#14 writing image sha256:f1c57b7a031363181cb1cef2a309d6724a5dc6a4e471e5073c2ca87ad49ab384 done
#14 naming to docker.io/library/istream_player_19-switch 0.0s done
#14 DONE 0.0s

#15 [istream_player  3/11] RUN apt-get update &&     apt-get -y install         curl         gnupg2         knot-dnsutils         kmod         net-tools         iproute2 &&     rm -rf /var/lib/apt/lists/*
#15 CACHED

#16 [istream_player  6/11] COPY istream_player istream_player
#16 CACHED

#17 [istream_player 10/11] COPY start_player.sh start_player.sh
#17 CACHED

#18 [istream_player  2/11] WORKDIR /src
#18 CACHED

#19 [istream_player  5/11] RUN pip install -r requirements.txt
#19 CACHED

#20 [istream_player  7/11] COPY scripts scripts
#20 CACHED

#21 [istream_player  9/11] COPY wrapper.py wrapper.py
#21 CACHED

#22 [istream_player  4/11] COPY requirements.txt /src
#22 CACHED

#23 [istream_player  8/11] COPY setup.py .
#23 CACHED

#24 [istream_player 11/11] RUN pip install .
#24 CACHED

#25 [istream_player] exporting to image
#25 exporting layers done
#25 writing image sha256:ae1ad23bf885903dbc6a2c141a6d7ed26d2221dcc41893c4a2e5bf60232fc826 0.0s done
#25 naming to docker.io/library/istream_player_19-istream_player
#25 naming to docker.io/library/istream_player_19-istream_player done
#25 DONE 0.0s

#26 [switch] resolving provenance for metadata file
#26 DONE 0.0s

#27 [istream_player] resolving provenance for metadata file
#27 DONE 0.0s
 istream_player_19-switch  Built
 istream_player_19-istream_player  Built
 Container switch_19  Starting
 Container switch_19  Started
 Container istream_player_19  Starting
 Container istream_player_19  Started
time="2025-11-13T19:07:17Z" level=warning msg="The \"ID\" variable is not set. Defaulting to a blank string."
time="2025-11-13T19:07:17Z" level=warning msg="The \"ID\" variable is not set. Defaulting to a blank string."
time="2025-11-13T19:07:17Z" level=warning msg="The \"EXPERIMENT_CONFIG\" variable is not set. Defaulting to a blank string."
time="2025-11-13T19:07:17Z" level=warning msg="The \"EXPERIMENT_CONFIG\" variable is not set. Defaulting to a blank string."
invalid spec: :/app/experiment_config.yaml:ro: empty section between colons
time="2025-11-13T19:07:17Z" level=warning msg="The \"ID\" variable is not set. Defaulting to a blank string."
time="2025-11-13T19:07:17Z" level=warning msg="The \"EXPERIMENT_CONFIG\" variable is not set. Defaulting to a blank string."
time="2025-11-13T19:07:17Z" level=warning msg="The \"EXPERIMENT_CONFIG\" variable is not set. Defaulting to a blank string."
time="2025-11-13T19:07:17Z" level=warning msg="The \"ID\" variable is not set. Defaulting to a blank string."
invalid spec: :/app/experiment_config.yaml:ro: empty section between colons
time="2025-11-13T19:07:17Z" level=warning msg="The \"ID\" variable is not set. Defaulting to a blank string."
time="2025-11-13T19:07:17Z" level=warning msg="The \"ID\" variable is not set. Defaulting to a blank string."
time="2025-11-13T19:07:17Z" level=warning msg="The \"EXPERIMENT_CONFIG\" variable is not set. Defaulting to a blank string."
time="2025-11-13T19:07:17Z" level=warning msg="The \"EXPERIMENT_CONFIG\" variable is not set. Defaulting to a blank string."
invalid spec: :/app/experiment_config.yaml:ro: empty section between colons
time="2025-11-13T19:07:17Z" level=warning msg="The \"ID\" variable is not set. Defaulting to a blank string."
time="2025-11-13T19:07:17Z" level=warning msg="The \"ID\" variable is not set. Defaulting to a blank string."
time="2025-11-13T19:07:17Z" level=warning msg="The \"EXPERIMENT_CONFIG\" variable is not set. Defaulting to a blank string."
time="2025-11-13T19:07:17Z" level=warning msg="The \"EXPERIMENT_CONFIG\" variable is not set. Defaulting to a blank string."
invalid spec: :/app/experiment_config.yaml:ro: empty section between colons
time="2025-11-13T19:07:17Z" level=warning msg="The \"ID\" variable is not set. Defaulting to a blank string."
time="2025-11-13T19:07:17Z" level=warning msg="The \"ID\" variable is not set. Defaulting to a blank string."
time="2025-11-13T19:07:17Z" level=warning msg="The \"EXPERIMENT_CONFIG\" variable is not set. Defaulting to a blank string."
time="2025-11-13T19:07:17Z" level=warning msg="The \"EXPERIMENT_CONFIG\" variable is not set. Defaulting to a blank string."
invalid spec: :/app/experiment_config.yaml:ro: empty section between colons
time="2025-11-13T19:07:17Z" level=warning msg="The \"ID\" variable is not set. Defaulting to a blank string."
time="2025-11-13T19:07:17Z" level=warning msg="The \"ID\" variable is not set. Defaulting to a blank string."
time="2025-11-13T19:07:17Z" level=warning msg="The \"EXPERIMENT_CONFIG\" variable is not set. Defaulting to a blank string."
time="2025-11-13T19:07:17Z" level=warning msg="The \"EXPERIMENT_CONFIG\" variable is not set. Defaulting to a blank string."
invalid spec: :/app/experiment_config.yaml:ro: empty section between colons
time="2025-11-13T19:07:17Z" level=warning msg="The \"ID\" variable is not set. Defaulting to a blank string."
time="2025-11-13T19:07:17Z" level=warning msg="The \"ID\" variable is not set. Defaulting to a blank string."
time="2025-11-13T19:07:17Z" level=warning msg="The \"EXPERIMENT_CONFIG\" variable is not set. Defaulting to a blank string."
time="2025-11-13T19:07:17Z" level=warning msg="The \"EXPERIMENT_CONFIG\" variable is not set. Defaulting to a blank string."
invalid spec: :/app/experiment_config.yaml:ro: empty section between colons
time="2025-11-13T19:07:17Z" level=warning msg="The \"ID\" variable is not set. Defaulting to a blank string."
time="2025-11-13T19:07:17Z" level=warning msg="The \"EXPERIMENT_CONFIG\" variable is not set. Defaulting to a blank string."
time="2025-11-13T19:07:17Z" level=warning msg="The \"ID\" variable is not set. Defaulting to a blank string."
time="2025-11-13T19:07:17Z" level=warning msg="The \"EXPERIMENT_CONFIG\" variable is not set. Defaulting to a blank string."
invalid spec: :/app/experiment_config.yaml:ro: empty section between colons
time="2025-11-13T19:07:17Z" level=warning msg="The \"ID\" variable is not set. Defaulting to a blank string."
time="2025-11-13T19:07:17Z" level=warning msg="The \"ID\" variable is not set. Defaulting to a blank string."
time="2025-11-13T19:07:17Z" level=warning msg="The \"EXPERIMENT_CONFIG\" variable is not set. Defaulting to a blank string."
time="2025-11-13T19:07:17Z" level=warning msg="The \"EXPERIMENT_CONFIG\" variable is not set. Defaulting to a blank string."
invalid spec: :/app/experiment_config.yaml:ro: empty section between colons
time="2025-11-13T19:07:17Z" level=warning msg="The \"ID\" variable is not set. Defaulting to a blank string."
time="2025-11-13T19:07:17Z" level=warning msg="The \"EXPERIMENT_CONFIG\" variable is not set. Defaulting to a blank string."
time="2025-11-13T19:07:17Z" level=warning msg="The \"ID\" variable is not set. Defaulting to a blank string."
time="2025-11-13T19:07:17Z" level=warning msg="The \"EXPERIMENT_CONFIG\" variable is not set. Defaulting to a blank string."
invalid spec: :/app/experiment_config.yaml:ro: empty section between colons
time="2025-11-13T19:07:17Z" level=warning msg="The \"ID\" variable is not set. Defaulting to a blank string."
time="2025-11-13T19:07:17Z" level=warning msg="The \"EXPERIMENT_CONFIG\" variable is not set. Defaulting to a blank string."
time="2025-11-13T19:07:17Z" level=warning msg="The \"EXPERIMENT_CONFIG\" variable is not set. Defaulting to a blank string."
time="2025-11-13T19:07:17Z" level=warning msg="The \"ID\" variable is not set. Defaulting to a blank string."
invalid spec: :/app/experiment_config.yaml:ro: empty section between colons
time="2025-11-13T19:07:17Z" level=warning msg="The \"ID\" variable is not set. Defaulting to a blank string."
time="2025-11-13T19:07:17Z" level=warning msg="The \"ID\" variable is not set. Defaulting to a blank string."
time="2025-11-13T19:07:17Z" level=warning msg="The \"EXPERIMENT_CONFIG\" variable is not set. Defaulting to a blank string."
time="2025-11-13T19:07:17Z" level=warning msg="The \"EXPERIMENT_CONFIG\" variable is not set. Defaulting to a blank string."
invalid spec: :/app/experiment_config.yaml:ro: empty section between colons
time="2025-11-13T19:07:17Z" level=warning msg="The \"ID\" variable is not set. Defaulting to a blank string."
time="2025-11-13T19:07:17Z" level=warning msg="The \"ID\" variable is not set. Defaulting to a blank string."
time="2025-11-13T19:07:17Z" level=warning msg="The \"EXPERIMENT_CONFIG\" variable is not set. Defaulting to a blank string."
time="2025-11-13T19:07:17Z" level=warning msg="The \"EXPERIMENT_CONFIG\" variable is not set. Defaulting to a blank string."
invalid spec: :/app/experiment_config.yaml:ro: empty section between colons
time="2025-11-13T19:07:17Z" level=warning msg="The \"ID\" variable is not set. Defaulting to a blank string."
time="2025-11-13T19:07:17Z" level=warning msg="The \"ID\" variable is not set. Defaulting to a blank string."
time="2025-11-13T19:07:17Z" level=warning msg="The \"EXPERIMENT_CONFIG\" variable is not set. Defaulting to a blank string."
time="2025-11-13T19:07:17Z" level=warning msg="The \"EXPERIMENT_CONFIG\" variable is not set. Defaulting to a blank string."
invalid spec: :/app/experiment_config.yaml:ro: empty section between colons
time="2025-11-13T19:07:18Z" level=warning msg="The \"ID\" variable is not set. Defaulting to a blank string."
time="2025-11-13T19:07:18Z" level=warning msg="The \"EXPERIMENT_CONFIG\" variable is not set. Defaulting to a blank string."
time="2025-11-13T19:07:18Z" level=warning msg="The \"EXPERIMENT_CONFIG\" variable is not set. Defaulting to a blank string."
time="2025-11-13T19:07:18Z" level=warning msg="The \"ID\" variable is not set. Defaulting to a blank string."
invalid spec: :/app/experiment_config.yaml:ro: empty section between colons
time="2025-11-13T19:07:18Z" level=warning msg="The \"ID\" variable is not set. Defaulting to a blank string."
time="2025-11-13T19:07:18Z" level=warning msg="The \"ID\" variable is not set. Defaulting to a blank string."
time="2025-11-13T19:07:18Z" level=warning msg="The \"EXPERIMENT_CONFIG\" variable is not set. Defaulting to a blank string."
time="2025-11-13T19:07:18Z" level=warning msg="The \"EXPERIMENT_CONFIG\" variable is not set. Defaulting to a blank string."
invalid spec: :/app/experiment_config.yaml:ro: empty section between colons
time="2025-11-13T19:07:18Z" level=warning msg="The \"ID\" variable is not set. Defaulting to a blank string."
time="2025-11-13T19:07:18Z" level=warning msg="The \"EXPERIMENT_CONFIG\" variable is not set. Defaulting to a blank string."
time="2025-11-13T19:07:18Z" level=warning msg="The \"EXPERIMENT_CONFIG\" variable is not set. Defaulting to a blank string."
time="2025-11-13T19:07:18Z" level=warning msg="The \"ID\" variable is not set. Defaulting to a blank string."
invalid spec: :/app/experiment_config.yaml:ro: empty section between colons
time="2025-11-13T19:07:18Z" level=warning msg="The \"ID\" variable is not set. Defaulting to a blank string."
time="2025-11-13T19:07:18Z" level=warning msg="The \"EXPERIMENT_CONFIG\" variable is not set. Defaulting to a blank string."
time="2025-11-13T19:07:18Z" level=warning msg="The \"ID\" variable is not set. Defaulting to a blank string."
time="2025-11-13T19:07:18Z" level=warning msg="The \"EXPERIMENT_CONFIG\" variable is not set. Defaulting to a blank string."
invalid spec: :/app/experiment_config.yaml:ro: empty section between colons
time="2025-11-13T19:07:18Z" level=warning msg="The \"ID\" variable is not set. Defaulting to a blank string."
time="2025-11-13T19:07:18Z" level=warning msg="The \"EXPERIMENT_CONFIG\" variable is not set. Defaulting to a blank string."
time="2025-11-13T19:07:18Z" level=warning msg="The \"EXPERIMENT_CONFIG\" variable is not set. Defaulting to a blank string."
time="2025-11-13T19:07:18Z" level=warning msg="The \"ID\" variable is not set. Defaulting to a blank string."
invalid spec: :/app/experiment_config.yaml:ro: empty section between colons
time="2025-11-13T19:07:18Z" level=warning msg="The \"ID\" variable is not set. Defaulting to a blank string."
time="2025-11-13T19:07:18Z" level=warning msg="The \"ID\" variable is not set. Defaulting to a blank string."
time="2025-11-13T19:07:18Z" level=warning msg="The \"EXPERIMENT_CONFIG\" variable is not set. Defaulting to a blank string."
time="2025-11-13T19:07:18Z" level=warning msg="The \"EXPERIMENT_CONFIG\" variable is not set. Defaulting to a blank string."
invalid spec: :/app/experiment_config.yaml:ro: empty section between colons
Starting experiment: experiment_0
  containers : 20
  duration   : 600s
  lambda     : 0.1
  node_id    : 0
  config     : ./resources/4s_segments.yaml
  bw range   : 2000080000 kbps
['docker', 'compose', '-f', 'docker-compose.player.yaml', '-p', 'istream_player_0', 'up', '-d', '--build', '--remove-orphans']
['docker', 'compose', '-f', 'docker-compose.player.yaml', '-p', 'istream_player_1', 'up', '-d', '--build', '--remove-orphans']
['docker', 'compose', '-f', 'docker-compose.player.yaml', '-p', 'istream_player_2', 'up', '-d', '--build', '--remove-orphans']
['docker', 'compose', '-f', 'docker-compose.player.yaml', '-p', 'istream_player_3', 'up', '-d', '--build', '--remove-orphans']
['docker', 'compose', '-f', 'docker-compose.player.yaml', '-p', 'istream_player_4', 'up', '-d', '--build', '--remove-orphans']
['docker', 'compose', '-f', 'docker-compose.player.yaml', '-p', 'istream_player_5', 'up', '-d', '--build', '--remove-orphans']
['docker', 'compose', '-f', 'docker-compose.player.yaml', '-p', 'istream_player_6', 'up', '-d', '--build', '--remove-orphans']
['docker', 'compose', '-f', 'docker-compose.player.yaml', '-p', 'istream_player_7', 'up', '-d', '--build', '--remove-orphans']
['docker', 'compose', '-f', 'docker-compose.player.yaml', '-p', 'istream_player_8', 'up', '-d', '--build', '--remove-orphans']
['docker', 'compose', '-f', 'docker-compose.player.yaml', '-p', 'istream_player_9', 'up', '-d', '--build', '--remove-orphans']
['docker', 'compose', '-f', 'docker-compose.player.yaml', '-p', 'istream_player_10', 'up', '-d', '--build', '--remove-orphans']
['docker', 'compose', '-f', 'docker-compose.player.yaml', '-p', 'istream_player_11', 'up', '-d', '--build', '--remove-orphans']
['docker', 'compose', '-f', 'docker-compose.player.yaml', '-p', 'istream_player_12', 'up', '-d', '--build', '--remove-orphans']
['docker', 'compose', '-f', 'docker-compose.player.yaml', '-p', 'istream_player_13', 'up', '-d', '--build', '--remove-orphans']
['docker', 'compose', '-f', 'docker-compose.player.yaml', '-p', 'istream_player_14', 'up', '-d', '--build', '--remove-orphans']
['docker', 'compose', '-f', 'docker-compose.player.yaml', '-p', 'istream_player_15', 'up', '-d', '--build', '--remove-orphans']
['docker', 'compose', '-f', 'docker-compose.player.yaml', '-p', 'istream_player_16', 'up', '-d', '--build', '--remove-orphans']
['docker', 'compose', '-f', 'docker-compose.player.yaml', '-p', 'istream_player_17', 'up', '-d', '--build', '--remove-orphans']
['docker', 'compose', '-f', 'docker-compose.player.yaml', '-p', 'istream_player_18', 'up', '-d', '--build', '--remove-orphans']
['docker', 'compose', '-f', 'docker-compose.player.yaml', '-p', 'istream_player_19', 'up', '-d', '--build', '--remove-orphans']
[ok] All containers online.
Experiment running for 600s

Stopping all containers...
[ok] istream_player_0 stopped.
[ok] istream_player_1 stopped.
[ok] istream_player_2 stopped.
[ok] istream_player_3 stopped.
[ok] istream_player_4 stopped.
[ok] istream_player_5 stopped.
[ok] istream_player_6 stopped.
[ok] istream_player_7 stopped.
[ok] istream_player_8 stopped.
[ok] istream_player_9 stopped.
[ok] istream_player_10 stopped.
[ok] istream_player_11 stopped.
[ok] istream_player_12 stopped.
[ok] istream_player_13 stopped.
[ok] istream_player_14 stopped.
[ok] istream_player_15 stopped.
[ok] istream_player_16 stopped.
[ok] istream_player_17 stopped.
[ok] istream_player_18 stopped.
[ok] istream_player_19 stopped.
All containers stopped. Experiment complete.
